Cloud-init v. 25.1.4-0ubuntu0~24.04.1 running 'init-local' at Mon, 10 Nov 2025 20:02:10 +0000. Up 10.03 seconds.
Cloud-init v. 25.1.4-0ubuntu0~24.04.1 running 'init' at Mon, 10 Nov 2025 20:02:19 +0000. Up 19.44 seconds.
ci-info: ++++++++++++++++++++++++++++++++++++++Net device info+++++++++++++++++++++++++++++++++++++++
ci-info: +--------+------+-----------------------------+---------------+--------+-------------------+
ci-info: | Device |  Up  |           Address           |      Mask     | Scope  |     Hw-Address    |
ci-info: +--------+------+-----------------------------+---------------+--------+-------------------+
ci-info: | ens33  | True |       192.168.153.131       | 255.255.255.0 | global | 00:0c:29:75:f7:12 |
ci-info: | ens33  | True | fe80::20c:29ff:fe75:f712/64 |       .       |  link  | 00:0c:29:75:f7:12 |
ci-info: |   lo   | True |          127.0.0.1          |   255.0.0.0   |  host  |         .         |
ci-info: |   lo   | True |           ::1/128           |       .       |  host  |         .         |
ci-info: +--------+------+-----------------------------+---------------+--------+-------------------+
ci-info: +++++++++++++++++++++++++++++++Route IPv4 info+++++++++++++++++++++++++++++++
ci-info: +-------+---------------+---------------+---------------+-----------+-------+
ci-info: | Route |  Destination  |    Gateway    |    Genmask    | Interface | Flags |
ci-info: +-------+---------------+---------------+---------------+-----------+-------+
ci-info: |   0   |    0.0.0.0    | 192.168.153.2 |    0.0.0.0    |   ens33   |   UG  |
ci-info: |   1   | 192.168.153.0 |    0.0.0.0    | 255.255.255.0 |   ens33   |   U   |
ci-info: +-------+---------------+---------------+---------------+-----------+-------+
ci-info: +++++++++++++++++++Route IPv6 info+++++++++++++++++++
ci-info: +-------+-------------+---------+-----------+-------+
ci-info: | Route | Destination | Gateway | Interface | Flags |
ci-info: +-------+-------------+---------+-----------+-------+
ci-info: |   0   |  fe80::/64  |    ::   |   ens33   |   U   |
ci-info: |   2   |    local    |    ::   |   ens33   |   U   |
ci-info: |   3   |  multicast  |    ::   |   ens33   |   U   |
ci-info: +-------+-------------+---------+-----------+-------+
Generating public/private rsa key pair.
Your identification has been saved in /etc/ssh/ssh_host_rsa_key
Your public key has been saved in /etc/ssh/ssh_host_rsa_key.pub
The key fingerprint is:
SHA256:+ZesqNWVj4Pd+GZW50bDtd3SaKIbb5+TVYzL/12EuvI root@ubuntu
The key's randomart image is:
+---[RSA 3072]----+
|                 |
|                 |
|               o |
|         .   ...+|
|        S   o.o+B|
|         o =.B*=O|
|        . =.XooO+|
|       . .o=.+*.*|
|      ... o=E=+o+|
+----[SHA256]-----+
Generating public/private ecdsa key pair.
Your identification has been saved in /etc/ssh/ssh_host_ecdsa_key
Your public key has been saved in /etc/ssh/ssh_host_ecdsa_key.pub
The key fingerprint is:
SHA256:YS9/B12tl4E4hqEiL4rhSN8dYlfBy194rW64CzPcC9w root@ubuntu
The key's randomart image is:
+---[ECDSA 256]---+
|        .o       |
|        ..+ . . .|
|   . . .+o.+....o|
|    o ...=...+ +o|
|.. . + oS o + +..|
|=.o + + +oo. o . |
|oo . . . B.E+ .  |
|          =o.+   |
|           ++    |
+----[SHA256]-----+
Generating public/private ed25519 key pair.
Your identification has been saved in /etc/ssh/ssh_host_ed25519_key
Your public key has been saved in /etc/ssh/ssh_host_ed25519_key.pub
The key fingerprint is:
SHA256:Vv9tgZ8ZWbwplD9DsNM/nrtuLTWulPvk+3XqJyl5GSI root@ubuntu
The key's randomart image is:
+--[ED25519 256]--+
|             .   |
|              =. |
|          .  = oo|
|         . .. = *|
|        S   .o @.|
|       .  E ..*o@|
|           . =o%B|
|            + X=*|
|             *B@=|
+----[SHA256]-----+
Cloud-init v. 25.1.4-0ubuntu0~24.04.1 running 'modules:config' at Mon, 10 Nov 2025 20:02:20 +0000. Up 20.59 seconds.
Cloud-init v. 25.1.4-0ubuntu0~24.04.1 running 'modules:final' at Mon, 10 Nov 2025 18:02:46 +0000. Up 43.57 seconds.
Cloud-init v. 25.1.4-0ubuntu0~24.04.1 finished at Mon, 10 Nov 2025 18:02:46 +0000. Datasource DataSourceNoCloud [seed=/var/lib/cloud/seed/nocloud].  Up 43.60 seconds
