
---- [[ subiquity step initial ]] ----
curtin: Installation started. (24.0.0-38-g0ab394917)
curtin: Installation finished.

---- [[ subiquity step partitioning ]] ----
curtin: Installation started. (24.0.0-38-g0ab394917)
start: cmd-install/stage-partitioning/builtin/cmd-block-meta: curtin command block-meta
get_path_to_storage_volume for volume disk-sda({'ptable': 'gpt', 'path': '/dev/sda', 'wipe': 'superblock-recursive', 'preserve': False, 'name': '', 'grub_device': True, 'id': 'disk-sda', 'type': 'disk'})
Running command ['udevadm', 'info', '--query=property', '--export', '/dev/sda'] with allowed return codes [0] (capture=True)
/dev/sda is multipath device member? False
Running command ['partprobe', '/dev/sda'] with allowed return codes [0, 1] (capture=False)
Running command ['udevadm', 'settle'] with allowed return codes [0] (capture=False)
TIMED udevadm_settle(): 0.054
devsync happy - path /dev/sda now exists
return volume path /dev/sda
get_path_to_storage_volume for volume partition-1({'device': 'disk-sda', 'size': 42946527232, 'wipe': 'superblock', 'number': 2, 'preserve': False, 'offset': 2097152, 'id': 'partition-1', 'type': 'partition'})
get_path_to_storage_volume for volume disk-sda({'ptable': 'gpt', 'path': '/dev/sda', 'wipe': 'superblock-recursive', 'preserve': False, 'name': '', 'grub_device': True, 'id': 'disk-sda', 'type': 'disk'})
Running command ['udevadm', 'info', '--query=property', '--export', '/dev/sda'] with allowed return codes [0] (capture=True)
/dev/sda is multipath device member? False
Running command ['partprobe', '/dev/sda'] with allowed return codes [0, 1] (capture=False)
Running command ['udevadm', 'settle'] with allowed return codes [0] (capture=False)
TIMED udevadm_settle(): 0.026
devsync happy - path /dev/sda now exists
return volume path /dev/sda
block-meta: extracted devices to clear: ['/dev/sda']
Declared block devices: ['/dev/sda']
clearing devices=['/dev/sda']
start: cmd-install/stage-partitioning/builtin/cmd-block-meta/clear-holders: removing previous storage devices
Running command ['mdadm', '--assemble', '--scan', '-v'] with allowed return codes [0, 1, 2] (capture=True)
mdadm assemble scan results:

mdadm: looking for devices for further assembly
mdadm: no recogniseable superblock on /dev/loop14
mdadm: no recogniseable superblock on /dev/loop12
mdadm: no recogniseable superblock on /dev/loop13
mdadm: no recogniseable superblock on /dev/loop10
mdadm: no recogniseable superblock on /dev/loop11
mdadm: no recogniseable superblock on /dev/loop8
mdadm: no recogniseable superblock on /dev/loop9
mdadm: no recogniseable superblock on /dev/sr1
mdadm: no recogniseable superblock on /dev/sr0
mdadm: no recogniseable superblock on /dev/sda
mdadm: Cannot assemble mbr metadata on /dev/fd0
mdadm: no recogniseable superblock on /dev/loop7
mdadm: no recogniseable superblock on /dev/loop6
mdadm: no recogniseable superblock on /dev/loop5
mdadm: no recogniseable superblock on /dev/loop4
mdadm: no recogniseable superblock on /dev/loop3
mdadm: no recogniseable superblock on /dev/loop2
mdadm: no recogniseable superblock on /dev/loop1
mdadm: no recogniseable superblock on /dev/loop0
mdadm: No arrays found in config file or automatically

Running command ['mdadm', '--detail', '--scan', '-v'] with allowed return codes [0, 1] (capture=True)
mdadm detail scan after assemble:


Running command ['udevadm', 'settle'] with allowed return codes [0] (capture=False)
TIMED udevadm_settle(): 0.006
Running command ['pvscan'] with allowed return codes [0] (capture=True)
Running command ['vgscan'] with allowed return codes [0] (capture=True)
Running command ['vgchange', '--activate=y'] with allowed return codes [0] (capture=True)
Running command ['udevadm', 'settle'] with allowed return codes [0] (capture=False)
TIMED udevadm_settle(): 0.006
Loading kernel module bcache via modprobe
Running command ['modprobe', '--use-blacklist', 'bcache'] with allowed return codes [0] (capture=False)
Generating device storage trees for path(s): ['/dev/sda']
devname '/sys/class/block/sda' had holders: []
/dev/sda is multipath device partition? False
/dev/sda is multipath device partition? False
/dev/sda is multipath device partition? False
Current device storage tree:
sda
Shutdown Plan:
{'level': 0, 'device': '/sys/class/block/sda', 'dev_type': 'disk'}
shutdown running on holder type: 'disk' syspath: '/sys/class/block/sda'
Running command ['lsblk', '--noheadings', '--bytes', '--pairs', '--output=ALIGNMENT,DISC-ALN,DISC-GRAN,DISC-MAX,DISC-ZERO,FSTYPE,GROUP,KNAME,LABEL,LOG-SEC,MAJ:MIN,MIN-IO,MODE,MODEL,MOUNTPOINT,NAME,OPT-IO,OWNER,PHY-SEC,RM,RO,ROTA,RQ-SIZE,SIZE,STATE,TYPE,UUID', '/dev/sda'] with allowed return codes [0] (capture=True)
get_blockdev_sector_size: info:
{
 "sda": {
  "ALIGNMENT": "0",
  "DISC-ALN": "0",
  "DISC-GRAN": "512",
  "DISC-MAX": "0",
  "DISC-ZERO": "0",
  "FSTYPE": "",
  "GROUP": "disk",
  "KNAME": "sda",
  "LABEL": "",
  "LOG-SEC": "512",
  "MAJ:MIN": "8:0",
  "MIN-IO": "512",
  "MODE": "brw-rw----",
  "MODEL": "VMware Virtual S",
  "MOUNTPOINT": "",
  "NAME": "sda",
  "OPT-IO": "0",
  "OWNER": "root",
  "PHY-SEC": "512",
  "RM": "0",
  "RO": "0",
  "ROTA": "1",
  "RQ-SIZE": "254",
  "SIZE": "42949672960",
  "STATE": "running",
  "TYPE": "disk",
  "UUID": "",
  "device_path": "/dev/sda"
 }
}
get_blockdev_sector_size: (log=512, phys=512)
Running command ['fdasd', '--table', '/dev/sda'] with allowed return codes [0] (capture=False)
Running command ['lsblk', '--noheadings', '--bytes', '--pairs', '--output=ALIGNMENT,DISC-ALN,DISC-GRAN,DISC-MAX,DISC-ZERO,FSTYPE,GROUP,KNAME,LABEL,LOG-SEC,MAJ:MIN,MIN-IO,MODE,MODEL,MOUNTPOINT,NAME,OPT-IO,OWNER,PHY-SEC,RM,RO,ROTA,RQ-SIZE,SIZE,STATE,TYPE,UUID'] with allowed return codes [0] (capture=True)
Checking if /dev/sda is a swap device
Found swap magic: b'\x00\x00\x00\x00\x00\x00\x00\x00\x00\x00'
wiping superblock on /dev/sda
wiping /dev/sda attempt 1/4
Running command ['wipefs', '--all', '--force', '/dev/sda'] with allowed return codes [0] (capture=False)
wiping 1M on /dev/sda at offsets [0, -1048576]
successfully wiped device /dev/sda on attempt 1/4
devname '/sys/class/block/sda' had holders: []
/dev/sda is multipath device partition? False
/dev/sda is multipath device partition? False
/dev/sda is multipath device partition? False
finish: cmd-install/stage-partitioning/builtin/cmd-block-meta/clear-holders: SUCCESS: removing previous storage devices
blockmeta: detected storage config, using mode=custom
start: cmd-install/stage-partitioning/builtin/cmd-block-meta: configuring disk: disk-sda
get_path_to_storage_volume for volume disk-sda({'ptable': 'gpt', 'path': '/dev/sda', 'wipe': 'superblock-recursive', 'preserve': False, 'name': '', 'grub_device': True, 'id': 'disk-sda', 'type': 'disk'})
/dev/sda is multipath device member? False
found candidate disks [{'/dev/sda'}]
Running command ['partprobe', '/dev/sda'] with allowed return codes [0, 1] (capture=False)
Running command ['udevadm', 'settle'] with allowed return codes [0] (capture=False)
TIMED udevadm_settle(): 0.022
devsync happy - path /dev/sda now exists
return volume path /dev/sda
Acquiring fcntl LOCK_EX on /dev/sda
Running command ['wipefs', '--all', '--force', '/dev/sda'] with allowed return codes [0] (capture=False)
wiping 1M on /dev/sda at offsets [0, -1048576]
labeling device: '/dev/sda' with 'gpt' partition table
Running command ['wipefs', '--all', '--force', '/dev/sda'] with allowed return codes [0] (capture=False)
wiping 1M on /dev/sda at offsets [0, -1048576]
devname '/dev/sda' had holders: []
Releasing fcntl LOCK_EX on /dev/sda
get_path_to_storage_volume for volume disk-sda({'ptable': 'gpt', 'path': '/dev/sda', 'wipe': 'superblock-recursive', 'preserve': False, 'name': '', 'grub_device': True, 'id': 'disk-sda', 'type': 'disk'})
/dev/sda is multipath device member? False
found candidate disks [{'/dev/sda'}]
Running command ['partprobe', '/dev/sda'] with allowed return codes [0, 1] (capture=False)
Running command ['udevadm', 'settle'] with allowed return codes [0] (capture=False)
TIMED udevadm_settle(): 0.025
devsync happy - path /dev/sda now exists
return volume path /dev/sda
Running command ['lsblk', '--noheadings', '--bytes', '--pairs', '--output=ALIGNMENT,DISC-ALN,DISC-GRAN,DISC-MAX,DISC-ZERO,FSTYPE,GROUP,KNAME,LABEL,LOG-SEC,MAJ:MIN,MIN-IO,MODE,MODEL,MOUNTPOINT,NAME,OPT-IO,OWNER,PHY-SEC,RM,RO,ROTA,RQ-SIZE,SIZE,STATE,TYPE,UUID', '/dev/sda'] with allowed return codes [0] (capture=True)
get_blockdev_sector_size: info:
{
 "sda": {
  "ALIGNMENT": "0",
  "DISC-ALN": "0",
  "DISC-GRAN": "512",
  "DISC-MAX": "0",
  "DISC-ZERO": "0",
  "FSTYPE": "",
  "GROUP": "disk",
  "KNAME": "sda",
  "LABEL": "",
  "LOG-SEC": "512",
  "MAJ:MIN": "8:0",
  "MIN-IO": "512",
  "MODE": "brw-rw----",
  "MODEL": "VMware Virtual S",
  "MOUNTPOINT": "",
  "NAME": "sda",
  "OPT-IO": "0",
  "OWNER": "root",
  "PHY-SEC": "512",
  "RM": "0",
  "RO": "0",
  "ROTA": "1",
  "RQ-SIZE": "254",
  "SIZE": "42949672960",
  "STATE": "running",
  "TYPE": "disk",
  "UUID": "",
  "device_path": "/dev/sda"
 }
}
get_blockdev_sector_size: (log=512, phys=512)
sfdisk input:
---
label: gpt

1:  start=2048 size=2048 type=21686148-6449-6E6F-744E-656564454649
2:  start=4096 size=83879936
---

Running command ['losetup', '--version'] with allowed return codes [0] (capture=True)
Running command ['sfdisk', '--no-reread', '/dev/sda', '--no-tell-kernel'] with allowed return codes [0] (capture=False)
Disk /dev/sda: 40 GiB, 42949672960 bytes, 83886080 sectors
Disk model: VMware Virtual S
Units: sectors of 1 * 512 = 512 bytes
Sector size (logical/physical): 512 bytes / 512 bytes
I/O size (minimum/optimal): 512 bytes / 512 bytes

>>> Script header accepted.
>>> Created a new GPT disklabel (GUID: 8C00B0A8-EF7A-4BC5-ACBA-5D5E74238B58).
/dev/sda1: Created a new partition 1 of type 'BIOS boot' and of size 1 MiB.
/dev/sda2: Created a new partition 2 of type 'Linux filesystem' and of size 40 GiB.
/dev/sda3: Done.

New situation:
Disklabel type: gpt
Disk identifier: 8C00B0A8-EF7A-4BC5-ACBA-5D5E74238B58

Device     Start      End  Sectors Size Type
/dev/sda1   2048     4095     2048   1M BIOS boot
/dev/sda2   4096 83884031 83879936  40G Linux filesystem

The partition table has been altered.
Running command ['partprobe', '/dev/sda'] with allowed return codes [0] (capture=False)
Running command ['udevadm', 'settle'] with allowed return codes [0] (capture=False)
TIMED udevadm_settle(): 0.040
Running command ['wipefs', '--all', '--force', '/dev/sda2'] with allowed return codes [0] (capture=False)
wiping 1M on /dev/sda2 at offsets [0, -1048576]
Running command ['wipefs', '--all', '--force', '/dev/sda1'] with allowed return codes [0] (capture=False)
wiping 1M on /dev/sda1 at offsets [0, -1048576]
get_path_to_storage_volume for volume partition-0({'device': 'disk-sda', 'size': 1048576, 'flag': 'bios_grub', 'number': 1, 'preserve': False, 'offset': 1048576, 'id': 'partition-0', 'type': 'partition'})
get_path_to_storage_volume for volume disk-sda({'ptable': 'gpt', 'path': '/dev/sda', 'wipe': 'superblock-recursive', 'preserve': False, 'name': '', 'grub_device': True, 'id': 'disk-sda', 'type': 'disk'})
/dev/sda is multipath device member? False
found candidate disks [{'/dev/sda'}]
Running command ['partprobe', '/dev/sda'] with allowed return codes [0, 1] (capture=False)
Running command ['udevadm', 'settle'] with allowed return codes [0] (capture=False)
TIMED udevadm_settle(): 0.036
devsync happy - path /dev/sda now exists
return volume path /dev/sda
Running command ['partprobe', '/dev/sda'] with allowed return codes [0, 1] (capture=False)
Running command ['udevadm', 'settle'] with allowed return codes [0] (capture=False)
TIMED udevadm_settle(): 0.038
devsync happy - path /dev/sda now exists
return volume path /dev/sda1
Running command ['blkid', '-o', 'export', '/dev/sda1'] with allowed return codes [0, 2] (capture=True)
No partition-specific dname
get_path_to_storage_volume for volume partition-1({'device': 'disk-sda', 'size': 42946527232, 'wipe': 'superblock', 'number': 2, 'preserve': False, 'offset': 2097152, 'id': 'partition-1', 'type': 'partition'})
get_path_to_storage_volume for volume disk-sda({'ptable': 'gpt', 'path': '/dev/sda', 'wipe': 'superblock-recursive', 'preserve': False, 'name': '', 'grub_device': True, 'id': 'disk-sda', 'type': 'disk'})
/dev/sda is multipath device member? False
found candidate disks [{'/dev/sda'}]
Running command ['partprobe', '/dev/sda'] with allowed return codes [0, 1] (capture=False)
Running command ['udevadm', 'settle'] with allowed return codes [0] (capture=False)
TIMED udevadm_settle(): 0.033
devsync happy - path /dev/sda now exists
return volume path /dev/sda
Running command ['partprobe', '/dev/sda'] with allowed return codes [0, 1] (capture=False)
Running command ['udevadm', 'settle'] with allowed return codes [0] (capture=False)
TIMED udevadm_settle(): 0.029
devsync happy - path /dev/sda now exists
return volume path /dev/sda2
Running command ['blkid', '-o', 'export', '/dev/sda2'] with allowed return codes [0, 2] (capture=True)
No partition-specific dname
finish: cmd-install/stage-partitioning/builtin/cmd-block-meta: SUCCESS: configuring disk: disk-sda
start: cmd-install/stage-partitioning/builtin/cmd-block-meta: configuring partition: partition-0
get_path_to_storage_volume for volume partition-0({'device': 'disk-sda', 'size': 1048576, 'flag': 'bios_grub', 'number': 1, 'preserve': False, 'offset': 1048576, 'id': 'partition-0', 'type': 'partition'})
get_path_to_storage_volume for volume disk-sda({'ptable': 'gpt', 'path': '/dev/sda', 'wipe': 'superblock-recursive', 'preserve': False, 'name': '', 'grub_device': True, 'id': 'disk-sda', 'type': 'disk'})
/dev/sda is multipath device member? False
found candidate disks [{'/dev/sda'}]
Running command ['partprobe', '/dev/sda'] with allowed return codes [0, 1] (capture=False)
Running command ['udevadm', 'settle'] with allowed return codes [0] (capture=False)
TIMED udevadm_settle(): 0.029
devsync happy - path /dev/sda now exists
return volume path /dev/sda
Running command ['partprobe', '/dev/sda'] with allowed return codes [0, 1] (capture=False)
Running command ['udevadm', 'settle'] with allowed return codes [0] (capture=False)
TIMED udevadm_settle(): 0.035
devsync happy - path /dev/sda now exists
return volume path /dev/sda1
finish: cmd-install/stage-partitioning/builtin/cmd-block-meta: SUCCESS: configuring partition: partition-0
start: cmd-install/stage-partitioning/builtin/cmd-block-meta: configuring partition: partition-1
get_path_to_storage_volume for volume partition-1({'device': 'disk-sda', 'size': 42946527232, 'wipe': 'superblock', 'number': 2, 'preserve': False, 'offset': 2097152, 'id': 'partition-1', 'type': 'partition'})
get_path_to_storage_volume for volume disk-sda({'ptable': 'gpt', 'path': '/dev/sda', 'wipe': 'superblock-recursive', 'preserve': False, 'name': '', 'grub_device': True, 'id': 'disk-sda', 'type': 'disk'})
/dev/sda is multipath device member? False
found candidate disks [{'/dev/sda'}]
Running command ['partprobe', '/dev/sda'] with allowed return codes [0, 1] (capture=False)
Running command ['udevadm', 'settle'] with allowed return codes [0] (capture=False)
TIMED udevadm_settle(): 0.043
devsync happy - path /dev/sda now exists
return volume path /dev/sda
Running command ['partprobe', '/dev/sda'] with allowed return codes [0, 1] (capture=False)
Running command ['udevadm', 'settle'] with allowed return codes [0] (capture=False)
TIMED udevadm_settle(): 0.035
devsync happy - path /dev/sda now exists
return volume path /dev/sda2
finish: cmd-install/stage-partitioning/builtin/cmd-block-meta: SUCCESS: configuring partition: partition-1
start: cmd-install/stage-partitioning/builtin/cmd-block-meta: configuring format: format-0
get_path_to_storage_volume for volume partition-1({'device': 'disk-sda', 'size': 42946527232, 'wipe': 'superblock', 'number': 2, 'preserve': False, 'offset': 2097152, 'id': 'partition-1', 'type': 'partition'})
get_path_to_storage_volume for volume disk-sda({'ptable': 'gpt', 'path': '/dev/sda', 'wipe': 'superblock-recursive', 'preserve': False, 'name': '', 'grub_device': True, 'id': 'disk-sda', 'type': 'disk'})
/dev/sda is multipath device member? False
found candidate disks [{'/dev/sda'}]
Running command ['partprobe', '/dev/sda'] with allowed return codes [0, 1] (capture=False)
Running command ['udevadm', 'settle'] with allowed return codes [0] (capture=False)
TIMED udevadm_settle(): 0.035
devsync happy - path /dev/sda now exists
return volume path /dev/sda
Running command ['partprobe', '/dev/sda'] with allowed return codes [0, 1] (capture=False)
Running command ['udevadm', 'settle'] with allowed return codes [0] (capture=False)
TIMED udevadm_settle(): 0.032
devsync happy - path /dev/sda now exists
return volume path /dev/sda2
mkfs /dev/sda2 info: {'fstype': 'ext4', 'volume': 'partition-1', 'preserve': False, 'id': 'format-0', 'type': 'format'}
Running command ['lsblk', '--noheadings', '--bytes', '--pairs', '--output=ALIGNMENT,DISC-ALN,DISC-GRAN,DISC-MAX,DISC-ZERO,FSTYPE,GROUP,KNAME,LABEL,LOG-SEC,MAJ:MIN,MIN-IO,MODE,MODEL,MOUNTPOINT,NAME,OPT-IO,OWNER,PHY-SEC,RM,RO,ROTA,RQ-SIZE,SIZE,STATE,TYPE,UUID', '/dev/sda2'] with allowed return codes [0] (capture=True)
get_blockdev_sector_size: info:
{
 "sda2": {
  "ALIGNMENT": "0",
  "DISC-ALN": "0",
  "DISC-GRAN": "512",
  "DISC-MAX": "0",
  "DISC-ZERO": "0",
  "FSTYPE": "",
  "GROUP": "disk",
  "KNAME": "sda2",
  "LABEL": "",
  "LOG-SEC": "512",
  "MAJ:MIN": "8:2",
  "MIN-IO": "512",
  "MODE": "brw-rw----",
  "MODEL": "",
  "MOUNTPOINT": "",
  "NAME": "sda2",
  "OPT-IO": "0",
  "OWNER": "root",
  "PHY-SEC": "512",
  "RM": "0",
  "RO": "0",
  "ROTA": "1",
  "RQ-SIZE": "254",
  "SIZE": "42946527232",
  "STATE": "",
  "TYPE": "part",
  "UUID": "",
  "device_path": "/dev/sda2"
 }
}
get_blockdev_sector_size: (log=512, phys=512)
Running command ['mkfs.ext4', '-F', '-U', 'd55d10f7-3be2-4fae-9f74-6ddb42a6afa5', '/dev/sda2'] with allowed return codes [0] (capture=True)
Formated device type: partition
finish: cmd-install/stage-partitioning/builtin/cmd-block-meta: SUCCESS: configuring format: format-0
start: cmd-install/stage-partitioning/builtin/cmd-block-meta: configuring mount: mount-0
get_path_to_storage_volume for volume partition-1({'device': 'disk-sda', 'size': 42946527232, 'wipe': 'superblock', 'number': 2, 'preserve': False, 'offset': 2097152, 'id': 'partition-1', 'type': 'partition'})
get_path_to_storage_volume for volume disk-sda({'ptable': 'gpt', 'path': '/dev/sda', 'wipe': 'superblock-recursive', 'preserve': False, 'name': '', 'grub_device': True, 'id': 'disk-sda', 'type': 'disk'})
/dev/sda is multipath device member? False
found candidate disks [{'/dev/sda'}]
Running command ['partprobe', '/dev/sda'] with allowed return codes [0, 1] (capture=False)
Running command ['udevadm', 'settle'] with allowed return codes [0] (capture=False)
TIMED udevadm_settle(): 0.034
devsync happy - path /dev/sda now exists
return volume path /dev/sda
Running command ['partprobe', '/dev/sda'] with allowed return codes [0, 1] (capture=False)
Running command ['udevadm', 'settle'] with allowed return codes [0] (capture=False)
TIMED udevadm_settle(): 0.044
devsync happy - path /dev/sda now exists
return volume path /dev/sda2
volume_path=/dev/sda2 found slaves: ['sda2']
kname_is_iscsi: no iscsi disk found for kname sda2
kname_is_iscsi: no iscsi disk found for kname sda2
Running command ['mount', '-t', 'ext4', '-o', 'defaults', '/dev/sda2', '/target/'] with allowed return codes [0] (capture=True)
Running command ['udevadm', 'info', '--query=property', '--export', '/dev/sda2'] with allowed return codes [0] (capture=True)
Running command ['lsblk', '--noheadings', '--bytes', '--pairs', '--output=ALIGNMENT,DISC-ALN,DISC-GRAN,DISC-MAX,DISC-ZERO,FSTYPE,GROUP,KNAME,LABEL,LOG-SEC,MAJ:MIN,MIN-IO,MODE,MODEL,MOUNTPOINT,NAME,OPT-IO,OWNER,PHY-SEC,RM,RO,ROTA,RQ-SIZE,SIZE,STATE,TYPE,UUID', '/dev/sda2'] with allowed return codes [0] (capture=True)
volspec: path=/dev/sda2 type=part
info[DEVLINKS] = ['/dev/disk/by-diskseq/18-part2', '/dev/disk/by-path/pci-0000:00:10.0-scsi-0:0:0:0-part2', '/dev/disk/by-partuuid/ab55e868-2fd6-4c5d-933f-fc5b36b74e4a', '/dev/disk/by-uuid/d55d10f7-3be2-4fae-9f74-6ddb42a6afa5']
finish: cmd-install/stage-partitioning/builtin/cmd-block-meta: SUCCESS: configuring mount: mount-0
TIMED BLOCK_META: 2.209
finish: cmd-install/stage-partitioning/builtin/cmd-block-meta: SUCCESS: curtin command block-meta
curtin: Installation finished.

---- [[ subiquity step extract ]] ----
curtin: Installation started. (24.0.0-38-g0ab394917)
start: cmd-install/stage-extract/builtin/cmd-extract: curtin command extract
Installing sources: [{'type': 'tgz', 'uri': 'cp:///tmp/tmpez6j5igs/mount'}] to target at /target
start: cmd-install/stage-extract/builtin/cmd-extract: acquiring and extracting image from cp:///tmp/tmpez6j5igs/mount
Setting up Trivial Source for stack /tmp/tmpez6j5igs/mount
Running command ['rsync', '-aXHAS', '--one-file-system', '/tmp/tmpez6j5igs/mount/', '.'] with allowed return codes [0] (capture=False)
finish: cmd-install/stage-extract/builtin/cmd-extract: SUCCESS: acquiring and extracting image from cp:///tmp/tmpez6j5igs/mount
Applying write_files from config.
finish: cmd-install/stage-extract/builtin/cmd-extract: SUCCESS: curtin command extract
curtin: Installation finished.

---- [[ subiquity step curthooks ]] ----
curtin: Installation started. (24.0.0-38-g0ab394917)
start: cmd-install/stage-curthooks/builtin/cmd-curthooks: curtin command curthooks
Running curtin builtin curthooks
Configuring target system for distro: ubuntu osfamily: debian
start: cmd-install/stage-curthooks/builtin/cmd-curthooks/writing-apt-config: configuring apt configuring apt
No apt config provided, skipping
Running command ['mount', '--bind', '/dev', '/target/dev'] with allowed return codes [0] (capture=False)
Running command ['mount', '--bind', '/proc', '/target/proc'] with allowed return codes [0] (capture=False)
Running command ['mount', '--bind', '/run', '/target/run'] with allowed return codes [0] (capture=False)
Running command ['mount', '--bind', '/sys', '/target/sys'] with allowed return codes [0] (capture=False)
Running command ['mount', '--bind', '/target/usr/bin/true', '/target/usr/bin/ischroot'] with allowed return codes [0] (capture=False)
Diverting original update-initramfs in target.
Running command ['unshare', '--help'] with allowed return codes [0] (capture=True)
Checking if target_proc (/target/proc) is a mount
It is, so unshare will use --mount-proc=/target/proc
Running command ['unshare', '--fork', '--pid', '--mount-proc=/target/proc', '--', 'chroot', '/target', 'dpkg-divert', '--add', '--rename', '--divert', '/usr/sbin/update-initramfs.curtin-disabled', '/usr/sbin/update-initramfs'] with allowed return codes [0] (capture=False)
Adding 'local diversion of /usr/sbin/update-initramfs to /usr/sbin/update-initramfs.curtin-disabled'
Running command ['udevadm', 'settle'] with allowed return codes [0] (capture=False)
TIMED subp(['udevadm', 'settle']): 0.008
Running command ['mount', '--make-private', '/target/usr/bin/ischroot'] with allowed return codes [0] (capture=False)
Running command ['umount', '/target/usr/bin/ischroot'] with allowed return codes [0] (capture=False)
Running command ['mount', '--make-private', '/target/sys'] with allowed return codes [0] (capture=False)
Running command ['umount', '/target/sys'] with allowed return codes [0] (capture=False)
Running command ['mount', '--make-private', '/target/run'] with allowed return codes [0] (capture=False)
Running command ['umount', '/target/run'] with allowed return codes [0] (capture=False)
Running command ['mount', '--make-private', '/target/proc'] with allowed return codes [0] (capture=False)
Running command ['umount', '/target/proc'] with allowed return codes [0] (capture=False)
Running command ['mount', '--make-private', '/target/dev'] with allowed return codes [0] (capture=False)
Running command ['umount', '/target/dev'] with allowed return codes [0] (capture=False)
finish: cmd-install/stage-curthooks/builtin/cmd-curthooks/writing-apt-config: SUCCESS: configuring apt configuring apt
Checking if target_proc (/target/proc) is a mount
It's not, using normal behavior
Running command ['unshare', '--fork', '--pid', '--', 'chroot', '/target', 'lsb_release', '--all'] with allowed return codes [0] (capture=True)
start: cmd-install/stage-curthooks/builtin/cmd-curthooks/installing-missing-packages: installing missing packages
Checking if target_proc (/target/proc) is a mount
It's not, using normal behavior
Running command ['unshare', '--fork', '--pid', '--', 'chroot', '/target', 'dpkg-query', '--list'] with allowed return codes [0] (capture=True)
Curtin config dependencies requires additional packages: ['e2fsprogs']
Running command ['dpkg', '--print-architecture'] with allowed return codes [0] (capture=True)
Skipping install of {'grub-pc', 'ifenslave', 'vlan', 'bridge-utils'}.  Not needed on netplan system.
start: cmd-install/stage-curthooks/builtin/cmd-curthooks: Installing packages on target system: ['grub-pc']
Updating apt sources in /target
Running command ['mount', '--bind', '/dev', '/target/dev'] with allowed return codes [0] (capture=False)
Running command ['mount', '--bind', '/proc', '/target/proc'] with allowed return codes [0] (capture=False)
Running command ['mount', '--bind', '/run', '/target/run'] with allowed return codes [0] (capture=False)
Running command ['mount', '--bind', '/sys', '/target/sys'] with allowed return codes [0] (capture=False)
Running command ['mount', '--bind', '/target/usr/bin/true', '/target/usr/bin/ischroot'] with allowed return codes [0] (capture=False)
Checking if target_proc (/target/proc) is a mount
It is, so unshare will use --mount-proc=/target/proc
Running command ['unshare', '--fork', '--pid', '--mount-proc=/target/proc', '--', 'chroot', '/target', 'apt-get', '--quiet', '--option=Acquire::Languages=none', 'update'] with allowed return codes [0] (capture=False)
Get:1 file:/cdrom noble InRelease
Ign:1 file:/cdrom noble InRelease
Get:2 file:/cdrom noble Release [1,072 B]
Get:2 file:/cdrom noble Release [1,072 B]
Hit:4 http://gr.archive.ubuntu.com/ubuntu noble InRelease
Hit:5 http://security.ubuntu.com/ubuntu noble-security InRelease
Get:6 http://gr.archive.ubuntu.com/ubuntu noble-updates InRelease [126 kB]
Get:7 http://gr.archive.ubuntu.com/ubuntu noble-backports InRelease [126 kB]
Get:8 http://gr.archive.ubuntu.com/ubuntu noble-updates/main amd64 Components [175 kB]
Get:9 http://gr.archive.ubuntu.com/ubuntu noble-updates/restricted amd64 Components [212 B]
Get:10 http://gr.archive.ubuntu.com/ubuntu noble-updates/universe amd64 Components [378 kB]
Get:11 http://gr.archive.ubuntu.com/ubuntu noble-updates/multiverse amd64 Components [940 B]
Get:12 http://gr.archive.ubuntu.com/ubuntu noble-backports/main amd64 Components [7,124 B]
Get:13 http://gr.archive.ubuntu.com/ubuntu noble-backports/restricted amd64 Components [216 B]
Get:14 http://gr.archive.ubuntu.com/ubuntu noble-backports/universe amd64 Components [11.0 kB]
Get:15 http://gr.archive.ubuntu.com/ubuntu noble-backports/multiverse amd64 Components [212 B]
Fetched 825 kB in 1s (694 kB/s)
Reading package lists...
Running command ['udevadm', 'settle'] with allowed return codes [0] (capture=False)
TIMED subp(['udevadm', 'settle']): 0.022
Running command ['mount', '--make-private', '/target/usr/bin/ischroot'] with allowed return codes [0] (capture=False)
Running command ['umount', '/target/usr/bin/ischroot'] with allowed return codes [0] (capture=False)
Running command ['mount', '--make-private', '/target/sys'] with allowed return codes [0] (capture=False)
Running command ['umount', '/target/sys'] with allowed return codes [0] (capture=False)
Running command ['mount', '--make-private', '/target/run'] with allowed return codes [0] (capture=False)
Running command ['umount', '/target/run'] with allowed return codes [0] (capture=False)
Running command ['mount', '--make-private', '/target/proc'] with allowed return codes [0] (capture=False)
Running command ['umount', '/target/proc'] with allowed return codes [0] (capture=False)
Running command ['mount', '--make-private', '/target/dev'] with allowed return codes [0] (capture=False)
Running command ['umount', '/target/dev'] with allowed return codes [0] (capture=False)
Running command ['mount', '--bind', '/dev', '/target/dev'] with allowed return codes [0] (capture=False)
Running command ['mount', '--bind', '/proc', '/target/proc'] with allowed return codes [0] (capture=False)
Running command ['mount', '--bind', '/run', '/target/run'] with allowed return codes [0] (capture=False)
Running command ['mount', '--bind', '/sys', '/target/sys'] with allowed return codes [0] (capture=False)
Running command ['mount', '--bind', '/target/usr/bin/true', '/target/usr/bin/ischroot'] with allowed return codes [0] (capture=False)
Checking if target_proc (/target/proc) is a mount
It is, so unshare will use --mount-proc=/target/proc
Running command ['unshare', '--fork', '--pid', '--mount-proc=/target/proc', '--', 'chroot', '/target', 'apt-get', '--quiet', '--assume-yes', '--option=Dpkg::options::=--force-unsafe-io', '--option=Dpkg::Options::=--force-confold', 'install', '--download-only', 'grub-pc'] with allowed return codes [0] (capture=False)
Reading package lists...
Building dependency tree...
Reading state information...
The following additional packages will be installed:
  grub-gfxpayload-lists grub-pc-bin grub2-common
Suggested packages:
  desktop-base
The following NEW packages will be installed:
  grub-gfxpayload-lists grub-pc grub-pc-bin grub2-common
0 upgraded, 4 newly installed, 0 to remove and 154 not upgraded.
Need to get 0 B/1,911 kB of archives.
After this operation, 5,278 kB of additional disk space will be used.
Get:1 file:/cdrom noble/main amd64 grub2-common amd64 2.12-1ubuntu7.3 [670 kB]
Get:2 file:/cdrom noble/main amd64 grub-pc-bin amd64 2.12-1ubuntu7.3 [1,101 kB]
Get:3 file:/cdrom noble/main amd64 grub-pc amd64 2.12-1ubuntu7.3 [137 kB]
Get:4 file:/cdrom noble/main amd64 grub-gfxpayload-lists amd64 0.7build2 [3,518 B]
Download complete and in download only mode
Checking if target_proc (/target/proc) is a mount
It is, so unshare will use --mount-proc=/target/proc
Running command ['unshare', '--fork', '--pid', '--mount-proc=/target/proc', '--', 'chroot', '/target', 'apt-get', '--quiet', '--assume-yes', '--option=Dpkg::options::=--force-unsafe-io', '--option=Dpkg::Options::=--force-confold', 'install', 'grub-pc'] with allowed return codes [0] (capture=False)
Reading package lists...
Building dependency tree...
Reading state information...
The following additional packages will be installed:
  grub-gfxpayload-lists grub-pc-bin grub2-common
Suggested packages:
  desktop-base
The following NEW packages will be installed:
  grub-gfxpayload-lists grub-pc grub-pc-bin grub2-common
0 upgraded, 4 newly installed, 0 to remove and 154 not upgraded.
Need to get 0 B/1,911 kB of archives.
After this operation, 5,278 kB of additional disk space will be used.
Get:1 file:/cdrom noble/main amd64 grub2-common amd64 2.12-1ubuntu7.3 [670 kB]
Get:2 file:/cdrom noble/main amd64 grub-pc-bin amd64 2.12-1ubuntu7.3 [1,101 kB]
Get:3 file:/cdrom noble/main amd64 grub-pc amd64 2.12-1ubuntu7.3 [137 kB]
Get:4 file:/cdrom noble/main amd64 grub-gfxpayload-lists amd64 0.7build2 [3,518 B]
Preconfiguring packages ...
E: Can not write log (Is /dev/pts mounted?) - posix_openpt (19: No such device)
Selecting previously unselected package grub2-common.
(Reading database ... 99652 files and directories currently installed.)
Preparing to unpack .../grub2-common_2.12-1ubuntu7.3_amd64.deb ...
Unpacking grub2-common (2.12-1ubuntu7.3) ...
Selecting previously unselected package grub-pc-bin.
Preparing to unpack .../grub-pc-bin_2.12-1ubuntu7.3_amd64.deb ...
Unpacking grub-pc-bin (2.12-1ubuntu7.3) ...
Selecting previously unselected package grub-pc.
Preparing to unpack .../grub-pc_2.12-1ubuntu7.3_amd64.deb ...
Unpacking grub-pc (2.12-1ubuntu7.3) ...
Selecting previously unselected package grub-gfxpayload-lists.
Preparing to unpack .../grub-gfxpayload-lists_0.7build2_amd64.deb ...
Unpacking grub-gfxpayload-lists (0.7build2) ...
Setting up grub2-common (2.12-1ubuntu7.3) ...
Setting up grub-pc-bin (2.12-1ubuntu7.3) ...
Setting up grub-gfxpayload-lists (0.7build2) ...
Setting up grub-pc (2.12-1ubuntu7.3) ...

Creating config file /etc/default/grub with new version
Processing triggers for install-info (7.1-3build2) ...
Processing triggers for man-db (2.12.0-4build2) ...
Running command ['udevadm', 'settle'] with allowed return codes [0] (capture=False)
TIMED subp(['udevadm', 'settle']): 0.003
Running command ['mount', '--make-private', '/target/usr/bin/ischroot'] with allowed return codes [0] (capture=False)
Running command ['umount', '/target/usr/bin/ischroot'] with allowed return codes [0] (capture=False)
Running command ['mount', '--make-private', '/target/sys'] with allowed return codes [0] (capture=False)
Running command ['umount', '/target/sys'] with allowed return codes [0] (capture=False)
Running command ['mount', '--make-private', '/target/run'] with allowed return codes [0] (capture=False)
Running command ['umount', '/target/run'] with allowed return codes [0] (capture=False)
Running command ['mount', '--make-private', '/target/proc'] with allowed return codes [0] (capture=False)
Running command ['umount', '/target/proc'] with allowed return codes [0] (capture=False)
Running command ['mount', '--make-private', '/target/dev'] with allowed return codes [0] (capture=False)
Running command ['umount', '/target/dev'] with allowed return codes [0] (capture=False)
Running command ['mount', '--bind', '/dev', '/target/dev'] with allowed return codes [0] (capture=False)
Running command ['mount', '--bind', '/proc', '/target/proc'] with allowed return codes [0] (capture=False)
Running command ['mount', '--bind', '/run', '/target/run'] with allowed return codes [0] (capture=False)
Running command ['mount', '--bind', '/sys', '/target/sys'] with allowed return codes [0] (capture=False)
Running command ['mount', '--bind', '/target/usr/bin/true', '/target/usr/bin/ischroot'] with allowed return codes [0] (capture=False)
Checking if target_proc (/target/proc) is a mount
It is, so unshare will use --mount-proc=/target/proc
Running command ['unshare', '--fork', '--pid', '--mount-proc=/target/proc', '--', 'chroot', '/target', 'apt-get', 'clean'] with allowed return codes [0] (capture=False)
Running command ['udevadm', 'settle'] with allowed return codes [0] (capture=False)
TIMED subp(['udevadm', 'settle']): 0.007
Running command ['mount', '--make-private', '/target/usr/bin/ischroot'] with allowed return codes [0] (capture=False)
Running command ['umount', '/target/usr/bin/ischroot'] with allowed return codes [0] (capture=False)
Running command ['mount', '--make-private', '/target/sys'] with allowed return codes [0] (capture=False)
Running command ['umount', '/target/sys'] with allowed return codes [0] (capture=False)
Running command ['mount', '--make-private', '/target/run'] with allowed return codes [0] (capture=False)
Running command ['umount', '/target/run'] with allowed return codes [0] (capture=False)
Running command ['mount', '--make-private', '/target/proc'] with allowed return codes [0] (capture=False)
Running command ['umount', '/target/proc'] with allowed return codes [0] (capture=False)
Running command ['mount', '--make-private', '/target/dev'] with allowed return codes [0] (capture=False)
Running command ['umount', '/target/dev'] with allowed return codes [0] (capture=False)
finish: cmd-install/stage-curthooks/builtin/cmd-curthooks: SUCCESS: Installing packages on target system: ['grub-pc']
finish: cmd-install/stage-curthooks/builtin/cmd-curthooks/installing-missing-packages: SUCCESS: installing missing packages
start: cmd-install/stage-curthooks/builtin/cmd-curthooks/configuring-iscsi-service: configuring iscsi service
finish: cmd-install/stage-curthooks/builtin/cmd-curthooks/configuring-iscsi-service: SUCCESS: configuring iscsi service
start: cmd-install/stage-curthooks/builtin/cmd-curthooks/configuring-mdadm-service: configuring raid (mdadm) service
finish: cmd-install/stage-curthooks/builtin/cmd-curthooks/configuring-mdadm-service: SUCCESS: configuring raid (mdadm) service
start: cmd-install/stage-curthooks/builtin/cmd-curthooks/configuring-nvme-over-tcp: configuring NVMe over TCP
finish: cmd-install/stage-curthooks/builtin/cmd-curthooks/configuring-nvme-over-tcp: SUCCESS: configuring NVMe over TCP
start: cmd-install/stage-curthooks/builtin/cmd-curthooks/installing-kernel: installing kernel
Checking if target_proc (/target/proc) is a mount
It's not, using normal behavior
Running command ['unshare', '--fork', '--pid', '--', 'chroot', '/target', 'lsb_release', '--all'] with allowed return codes [0] (capture=True)
Running command ['dpkg', '--print-architecture'] with allowed return codes [0] (capture=True)
Updating apt sources in /target
Running command ['mount', '--bind', '/dev', '/target/dev'] with allowed return codes [0] (capture=False)
Running command ['mount', '--bind', '/proc', '/target/proc'] with allowed return codes [0] (capture=False)
Running command ['mount', '--bind', '/run', '/target/run'] with allowed return codes [0] (capture=False)
Running command ['mount', '--bind', '/sys', '/target/sys'] with allowed return codes [0] (capture=False)
Running command ['mount', '--bind', '/target/usr/bin/true', '/target/usr/bin/ischroot'] with allowed return codes [0] (capture=False)
Checking if target_proc (/target/proc) is a mount
It is, so unshare will use --mount-proc=/target/proc
Running command ['unshare', '--fork', '--pid', '--mount-proc=/target/proc', '--', 'chroot', '/target', 'apt-get', '--quiet', '--option=Acquire::Languages=none', 'update'] with allowed return codes [0] (capture=False)
Get:1 file:/cdrom noble InRelease
Ign:1 file:/cdrom noble InRelease
Get:2 file:/cdrom noble Release [1,072 B]
Get:2 file:/cdrom noble Release [1,072 B]
Hit:4 http://security.ubuntu.com/ubuntu noble-security InRelease
Hit:5 http://gr.archive.ubuntu.com/ubuntu noble InRelease
Hit:6 http://gr.archive.ubuntu.com/ubuntu noble-updates InRelease
Hit:7 http://gr.archive.ubuntu.com/ubuntu noble-backports InRelease
Reading package lists...
Running command ['udevadm', 'settle'] with allowed return codes [0] (capture=False)
TIMED subp(['udevadm', 'settle']): 0.003
Running command ['mount', '--make-private', '/target/usr/bin/ischroot'] with allowed return codes [0] (capture=False)
Running command ['umount', '/target/usr/bin/ischroot'] with allowed return codes [0] (capture=False)
Running command ['mount', '--make-private', '/target/sys'] with allowed return codes [0] (capture=False)
Running command ['umount', '/target/sys'] with allowed return codes [0] (capture=False)
Running command ['mount', '--make-private', '/target/run'] with allowed return codes [0] (capture=False)
Running command ['umount', '/target/run'] with allowed return codes [0] (capture=False)
Running command ['mount', '--make-private', '/target/proc'] with allowed return codes [0] (capture=False)
Running command ['umount', '/target/proc'] with allowed return codes [0] (capture=False)
Running command ['mount', '--make-private', '/target/dev'] with allowed return codes [0] (capture=False)
Running command ['umount', '/target/dev'] with allowed return codes [0] (capture=False)
Running command ['mount', '--bind', '/dev', '/target/dev'] with allowed return codes [0] (capture=False)
Running command ['mount', '--bind', '/proc', '/target/proc'] with allowed return codes [0] (capture=False)
Running command ['mount', '--bind', '/run', '/target/run'] with allowed return codes [0] (capture=False)
Running command ['mount', '--bind', '/sys', '/target/sys'] with allowed return codes [0] (capture=False)
Running command ['mount', '--bind', '/target/usr/bin/true', '/target/usr/bin/ischroot'] with allowed return codes [0] (capture=False)
Checking if target_proc (/target/proc) is a mount
It is, so unshare will use --mount-proc=/target/proc
Running command ['unshare', '--fork', '--pid', '--mount-proc=/target/proc', '--', 'chroot', '/target', 'apt-get', '--quiet', '--assume-yes', '--option=Dpkg::options::=--force-unsafe-io', '--option=Dpkg::Options::=--force-confold', 'install', '--download-only', 'linux-generic-hwe-24.04'] with allowed return codes [0] (capture=False)
Reading package lists...
Building dependency tree...
Reading state information...
The following additional packages will be installed:
  amd64-microcode bpfcc-tools bpftrace firmware-sof-signed hwdata ieee-data
  intel-microcode iucode-tool libbpfcc libc-bin libc-dev-bin libc-devtools
  libc6 libc6-dbg libc6-dev libclang-cpp18 libclang1-18 libcrypt-dev libllvm18
  linux-firmware linux-headers-6.14.0-35-generic
  linux-headers-generic-hwe-24.04 linux-hwe-6.14-headers-6.14.0-35
  linux-hwe-6.14-tools-6.14.0-35 linux-image-6.14.0-35-generic
  linux-image-generic-hwe-24.04 linux-libc-dev linux-modules-6.14.0-35-generic
  linux-modules-extra-6.14.0-35-generic linux-tools-6.14.0-35-generic
  linux-tools-common locales manpages-dev python3-bpfcc python3-netaddr
  rpcsvc-proto thermald ubuntu-kernel-accessories
Suggested packages:
  glibc-doc libnss-nis libnss-nisplus linux-hwe-6.14-tools ipython3
  python-netaddr-docs
The following NEW packages will be installed:
  amd64-microcode bpfcc-tools bpftrace firmware-sof-signed hwdata ieee-data
  intel-microcode iucode-tool libbpfcc libc-dev-bin libc-devtools libc6-dev
  libclang-cpp18 libclang1-18 libcrypt-dev libllvm18 linux-firmware
  linux-generic-hwe-24.04 linux-headers-6.14.0-35-generic
  linux-headers-generic-hwe-24.04 linux-hwe-6.14-headers-6.14.0-35
  linux-hwe-6.14-tools-6.14.0-35 linux-image-6.14.0-35-generic
  linux-image-generic-hwe-24.04 linux-libc-dev linux-modules-6.14.0-35-generic
  linux-modules-extra-6.14.0-35-generic linux-tools-6.14.0-35-generic
  linux-tools-common manpages-dev python3-bpfcc python3-netaddr rpcsvc-proto
  thermald ubuntu-kernel-accessories
The following packages will be upgraded:
  libc-bin libc6 libc6-dbg locales
4 upgraded, 35 newly installed, 0 to remove and 150 not upgraded.
Need to get 760 MB/827 MB of archives.
After this operation, 1,141 MB of additional disk space will be used.
Get:1 file:/cdrom noble/main amd64 libllvm18 amd64 1:18.1.3-1ubuntu1 [27.5 MB]
Get:2 file:/cdrom noble/main amd64 libclang-cpp18 amd64 1:18.1.3-1ubuntu1 [13.5 MB]
Get:3 file:/cdrom noble/main amd64 libbpfcc amd64 0.29.1+ds-1ubuntu7 [663 kB]
Get:4 file:/cdrom noble/main amd64 python3-bpfcc all 0.29.1+ds-1ubuntu7 [40.2 kB]
Get:5 file:/cdrom noble/main amd64 ieee-data all 20220827.1 [2,113 kB]
Get:6 file:/cdrom noble/main amd64 python3-netaddr all 0.8.0-2ubuntu1 [319 kB]
Get:7 file:/cdrom noble/main amd64 bpfcc-tools all 0.29.1+ds-1ubuntu7 [687 kB]
Get:8 file:/cdrom noble/main amd64 libclang1-18 amd64 1:18.1.3-1ubuntu1 [7,803 kB]
Get:9 file:/cdrom noble/main amd64 bpftrace amd64 0.20.2-1ubuntu4.3 [1,011 kB]
Get:10 file:/cdrom noble/main amd64 hwdata all 0.379-1 [29.1 kB]
Get:11 file:/cdrom noble/main amd64 iucode-tool amd64 2.3.1-3build1 [43.9 kB]
Get:12 file:/cdrom noble/main amd64 libcrypt-dev amd64 1:4.4.36-4build1 [112 kB]
Get:13 file:/cdrom noble/main amd64 rpcsvc-proto amd64 1.4.2-0ubuntu7 [67.4 kB]
Get:14 http://gr.archive.ubuntu.com/ubuntu noble-updates/main amd64 libc6-dbg amd64 2.39-0ubuntu8.6 [7,458 kB]
Get:15 file:/cdrom noble/main amd64 intel-microcode amd64 3.20250512.0ubuntu0.24.04.1 [11.1 MB]
Get:16 file:/cdrom noble/main amd64 amd64-microcode amd64 3.20250311.1ubuntu0.24.04.1 [290 kB]
Get:17 file:/cdrom noble/main amd64 manpages-dev all 6.7-2 [2,013 kB]
Get:18 file:/cdrom noble/main amd64 thermald amd64 2.5.6-2ubuntu0.24.04.2 [213 kB]
Get:19 file:/cdrom noble/main amd64 ubuntu-kernel-accessories amd64 1.539.2 [10.9 kB]
Get:20 http://gr.archive.ubuntu.com/ubuntu noble-updates/main amd64 libc6 amd64 2.39-0ubuntu8.6 [3,263 kB]
Get:21 http://gr.archive.ubuntu.com/ubuntu noble-updates/main amd64 libc-bin amd64 2.39-0ubuntu8.6 [682 kB]
Get:22 http://gr.archive.ubuntu.com/ubuntu noble-updates/main amd64 locales all 2.39-0ubuntu8.6 [4,229 kB]
Get:23 http://gr.archive.ubuntu.com/ubuntu noble-updates/main amd64 firmware-sof-signed all 2023.12.1-1ubuntu1.10 [7,382 kB]
Get:24 http://gr.archive.ubuntu.com/ubuntu noble-updates/main amd64 libc-dev-bin amd64 2.39-0ubuntu8.6 [20.4 kB]
Get:25 http://gr.archive.ubuntu.com/ubuntu noble-updates/main amd64 libc-devtools amd64 2.39-0ubuntu8.6 [29.3 kB]
Get:26 http://gr.archive.ubuntu.com/ubuntu noble-updates/main amd64 linux-libc-dev amd64 6.8.0-87.88 [1,931 kB]
Get:27 http://gr.archive.ubuntu.com/ubuntu noble-updates/main amd64 libc6-dev amd64 2.39-0ubuntu8.6 [2,125 kB]
Get:28 http://gr.archive.ubuntu.com/ubuntu noble-updates/main amd64 linux-firmware amd64 20240318.git3b128b60-0ubuntu2.19 [538 MB]
Get:29 http://gr.archive.ubuntu.com/ubuntu noble-updates/main amd64 linux-modules-6.14.0-35-generic amd64 6.14.0-35.35~24.04.1 [40.7 MB]
Get:30 http://gr.archive.ubuntu.com/ubuntu noble-updates/main amd64 linux-image-6.14.0-35-generic amd64 6.14.0-35.35~24.04.1 [15.3 MB]
Get:31 http://gr.archive.ubuntu.com/ubuntu noble-updates/main amd64 linux-modules-extra-6.14.0-35-generic amd64 6.14.0-35.35~24.04.1 [119 MB]
Get:32 http://gr.archive.ubuntu.com/ubuntu noble-updates/main amd64 linux-image-generic-hwe-24.04 amd64 6.14.0-35.35~24.04.1 [2,486 B]
Get:33 http://gr.archive.ubuntu.com/ubuntu noble-updates/main amd64 linux-hwe-6.14-headers-6.14.0-35 all 6.14.0-35.35~24.04.1 [14.1 MB]
Get:34 http://gr.archive.ubuntu.com/ubuntu noble-updates/main amd64 linux-headers-6.14.0-35-generic amd64 6.14.0-35.35~24.04.1 [3,739 kB]
Get:35 http://gr.archive.ubuntu.com/ubuntu noble-updates/main amd64 linux-headers-generic-hwe-24.04 amd64 6.14.0-35.35~24.04.1 [2,328 B]
Get:36 http://gr.archive.ubuntu.com/ubuntu noble-updates/main amd64 linux-generic-hwe-24.04 amd64 6.14.0-35.35~24.04.1 [1,728 B]
Get:37 http://gr.archive.ubuntu.com/ubuntu noble-updates/main amd64 linux-tools-common all 6.8.0-87.88 [772 kB]
Get:38 http://gr.archive.ubuntu.com/ubuntu noble-updates/main amd64 linux-hwe-6.14-tools-6.14.0-35 amd64 6.14.0-35.35~24.04.1 [1,178 kB]
Get:39 http://gr.archive.ubuntu.com/ubuntu noble-updates/main amd64 linux-tools-6.14.0-35-generic amd64 6.14.0-35.35~24.04.1 [1,636 B]
Fetched 760 MB in 1min 28s (8,651 kB/s)
Download complete and in download only mode
Checking if target_proc (/target/proc) is a mount
It is, so unshare will use --mount-proc=/target/proc
Running command ['unshare', '--fork', '--pid', '--mount-proc=/target/proc', '--', 'chroot', '/target', 'apt-get', '--quiet', '--assume-yes', '--option=Dpkg::options::=--force-unsafe-io', '--option=Dpkg::Options::=--force-confold', 'install', 'linux-generic-hwe-24.04'] with allowed return codes [0] (capture=False)
Reading package lists...
Building dependency tree...
Reading state information...
The following additional packages will be installed:
  amd64-microcode bpfcc-tools bpftrace firmware-sof-signed hwdata ieee-data
  intel-microcode iucode-tool libbpfcc libc-bin libc-dev-bin libc-devtools
  libc6 libc6-dbg libc6-dev libclang-cpp18 libclang1-18 libcrypt-dev libllvm18
  linux-firmware linux-headers-6.14.0-35-generic
  linux-headers-generic-hwe-24.04 linux-hwe-6.14-headers-6.14.0-35
  linux-hwe-6.14-tools-6.14.0-35 linux-image-6.14.0-35-generic
  linux-image-generic-hwe-24.04 linux-libc-dev linux-modules-6.14.0-35-generic
  linux-modules-extra-6.14.0-35-generic linux-tools-6.14.0-35-generic
  linux-tools-common locales manpages-dev python3-bpfcc python3-netaddr
  rpcsvc-proto thermald ubuntu-kernel-accessories
Suggested packages:
  glibc-doc libnss-nis libnss-nisplus linux-hwe-6.14-tools ipython3
  python-netaddr-docs
The following NEW packages will be installed:
  amd64-microcode bpfcc-tools bpftrace firmware-sof-signed hwdata ieee-data
  intel-microcode iucode-tool libbpfcc libc-dev-bin libc-devtools libc6-dev
  libclang-cpp18 libclang1-18 libcrypt-dev libllvm18 linux-firmware
  linux-generic-hwe-24.04 linux-headers-6.14.0-35-generic
  linux-headers-generic-hwe-24.04 linux-hwe-6.14-headers-6.14.0-35
  linux-hwe-6.14-tools-6.14.0-35 linux-image-6.14.0-35-generic
  linux-image-generic-hwe-24.04 linux-libc-dev linux-modules-6.14.0-35-generic
  linux-modules-extra-6.14.0-35-generic linux-tools-6.14.0-35-generic
  linux-tools-common manpages-dev python3-bpfcc python3-netaddr rpcsvc-proto
  thermald ubuntu-kernel-accessories
The following packages will be upgraded:
  libc-bin libc6 libc6-dbg locales
4 upgraded, 35 newly installed, 0 to remove and 150 not upgraded.
Need to get 0 B/827 MB of archives.
After this operation, 1,141 MB of additional disk space will be used.
Get:1 file:/cdrom noble/main amd64 libllvm18 amd64 1:18.1.3-1ubuntu1 [27.5 MB]
Get:2 file:/cdrom noble/main amd64 libclang-cpp18 amd64 1:18.1.3-1ubuntu1 [13.5 MB]
Get:3 file:/cdrom noble/main amd64 libbpfcc amd64 0.29.1+ds-1ubuntu7 [663 kB]
Get:4 file:/cdrom noble/main amd64 python3-bpfcc all 0.29.1+ds-1ubuntu7 [40.2 kB]
Get:5 file:/cdrom noble/main amd64 ieee-data all 20220827.1 [2,113 kB]
Get:6 file:/cdrom noble/main amd64 python3-netaddr all 0.8.0-2ubuntu1 [319 kB]
Get:7 file:/cdrom noble/main amd64 bpfcc-tools all 0.29.1+ds-1ubuntu7 [687 kB]
Get:8 file:/cdrom noble/main amd64 libclang1-18 amd64 1:18.1.3-1ubuntu1 [7,803 kB]
Get:9 file:/cdrom noble/main amd64 bpftrace amd64 0.20.2-1ubuntu4.3 [1,011 kB]
Get:10 file:/cdrom noble/main amd64 hwdata all 0.379-1 [29.1 kB]
Get:11 file:/cdrom noble/main amd64 iucode-tool amd64 2.3.1-3build1 [43.9 kB]
Get:12 file:/cdrom noble/main amd64 libcrypt-dev amd64 1:4.4.36-4build1 [112 kB]
Get:13 file:/cdrom noble/main amd64 rpcsvc-proto amd64 1.4.2-0ubuntu7 [67.4 kB]
Get:14 file:/cdrom noble/main amd64 intel-microcode amd64 3.20250512.0ubuntu0.24.04.1 [11.1 MB]
Get:15 file:/cdrom noble/main amd64 amd64-microcode amd64 3.20250311.1ubuntu0.24.04.1 [290 kB]
Get:16 file:/cdrom noble/main amd64 manpages-dev all 6.7-2 [2,013 kB]
Get:17 file:/cdrom noble/main amd64 thermald amd64 2.5.6-2ubuntu0.24.04.2 [213 kB]
Get:18 file:/cdrom noble/main amd64 ubuntu-kernel-accessories amd64 1.539.2 [10.9 kB]
debconf: unable to initialize frontend: Dialog
debconf: (TERM is not set, so the dialog frontend is not usable.)
debconf: falling back to frontend: Readline
debconf: unable to initialize frontend: Readline
debconf: (This frontend requires a controlling tty.)
debconf: falling back to frontend: Teletype
dpkg-preconfigure: unable to re-open stdin: 
E: Can not write log (Is /dev/pts mounted?) - posix_openpt (19: No such device)
(Reading database ... 100010 files and directories currently installed.)
Preparing to unpack .../libc6-dbg_2.39-0ubuntu8.6_amd64.deb ...
Unpacking libc6-dbg:amd64 (2.39-0ubuntu8.6) over (2.39-0ubuntu8.5) ...
Preparing to unpack .../libc6_2.39-0ubuntu8.6_amd64.deb ...
debconf: unable to initialize frontend: Dialog
debconf: (TERM is not set, so the dialog frontend is not usable.)
debconf: falling back to frontend: Readline
debconf: unable to initialize frontend: Readline
debconf: (This frontend requires a controlling tty.)
debconf: falling back to frontend: Teletype
Unpacking libc6:amd64 (2.39-0ubuntu8.6) over (2.39-0ubuntu8.5) ...
Setting up libc6:amd64 (2.39-0ubuntu8.6) ...
debconf: unable to initialize frontend: Dialog
debconf: (TERM is not set, so the dialog frontend is not usable.)
debconf: falling back to frontend: Readline
debconf: unable to initialize frontend: Readline
debconf: (This frontend requires a controlling tty.)
debconf: falling back to frontend: Teletype
(Reading database ... 100017 files and directories currently installed.)
Preparing to unpack .../libc-bin_2.39-0ubuntu8.6_amd64.deb ...
Unpacking libc-bin (2.39-0ubuntu8.6) over (2.39-0ubuntu8.5) ...
Setting up libc-bin (2.39-0ubuntu8.6) ...
(Reading database ... 100017 files and directories currently installed.)
Preparing to unpack .../00-locales_2.39-0ubuntu8.6_all.deb ...
Unpacking locales (2.39-0ubuntu8.6) over (2.39-0ubuntu8.5) ...
Selecting previously unselected package libllvm18:amd64.
Preparing to unpack .../01-libllvm18_1%3a18.1.3-1ubuntu1_amd64.deb ...
Unpacking libllvm18:amd64 (1:18.1.3-1ubuntu1) ...
Selecting previously unselected package libclang-cpp18.
Preparing to unpack .../02-libclang-cpp18_1%3a18.1.3-1ubuntu1_amd64.deb ...
Unpacking libclang-cpp18 (1:18.1.3-1ubuntu1) ...
Selecting previously unselected package libbpfcc:amd64.
Preparing to unpack .../03-libbpfcc_0.29.1+ds-1ubuntu7_amd64.deb ...
Unpacking libbpfcc:amd64 (0.29.1+ds-1ubuntu7) ...
Selecting previously unselected package python3-bpfcc.
Preparing to unpack .../04-python3-bpfcc_0.29.1+ds-1ubuntu7_all.deb ...
Unpacking python3-bpfcc (0.29.1+ds-1ubuntu7) ...
Selecting previously unselected package ieee-data.
Preparing to unpack .../05-ieee-data_20220827.1_all.deb ...
Unpacking ieee-data (20220827.1) ...
Selecting previously unselected package python3-netaddr.
Preparing to unpack .../06-python3-netaddr_0.8.0-2ubuntu1_all.deb ...
Unpacking python3-netaddr (0.8.0-2ubuntu1) ...
Selecting previously unselected package bpfcc-tools.
Preparing to unpack .../07-bpfcc-tools_0.29.1+ds-1ubuntu7_all.deb ...
Unpacking bpfcc-tools (0.29.1+ds-1ubuntu7) ...
Selecting previously unselected package libclang1-18.
Preparing to unpack .../08-libclang1-18_1%3a18.1.3-1ubuntu1_amd64.deb ...
Unpacking libclang1-18 (1:18.1.3-1ubuntu1) ...
Selecting previously unselected package bpftrace.
Preparing to unpack .../09-bpftrace_0.20.2-1ubuntu4.3_amd64.deb ...
Unpacking bpftrace (0.20.2-1ubuntu4.3) ...
Selecting previously unselected package firmware-sof-signed.
Preparing to unpack .../10-firmware-sof-signed_2023.12.1-1ubuntu1.10_all.deb ...
Unpacking firmware-sof-signed (2023.12.1-1ubuntu1.10) ...
Selecting previously unselected package hwdata.
Preparing to unpack .../11-hwdata_0.379-1_all.deb ...
Unpacking hwdata (0.379-1) ...
Selecting previously unselected package iucode-tool.
Preparing to unpack .../12-iucode-tool_2.3.1-3build1_amd64.deb ...
Unpacking iucode-tool (2.3.1-3build1) ...
Selecting previously unselected package libc-dev-bin.
Preparing to unpack .../13-libc-dev-bin_2.39-0ubuntu8.6_amd64.deb ...
Unpacking libc-dev-bin (2.39-0ubuntu8.6) ...
Selecting previously unselected package libc-devtools.
Preparing to unpack .../14-libc-devtools_2.39-0ubuntu8.6_amd64.deb ...
Unpacking libc-devtools (2.39-0ubuntu8.6) ...
Selecting previously unselected package linux-libc-dev:amd64.
Preparing to unpack .../15-linux-libc-dev_6.8.0-87.88_amd64.deb ...
Unpacking linux-libc-dev:amd64 (6.8.0-87.88) ...
Selecting previously unselected package libcrypt-dev:amd64.
Preparing to unpack .../16-libcrypt-dev_1%3a4.4.36-4build1_amd64.deb ...
Unpacking libcrypt-dev:amd64 (1:4.4.36-4build1) ...
Selecting previously unselected package rpcsvc-proto.
Preparing to unpack .../17-rpcsvc-proto_1.4.2-0ubuntu7_amd64.deb ...
Unpacking rpcsvc-proto (1.4.2-0ubuntu7) ...
Selecting previously unselected package libc6-dev:amd64.
Preparing to unpack .../18-libc6-dev_2.39-0ubuntu8.6_amd64.deb ...
Unpacking libc6-dev:amd64 (2.39-0ubuntu8.6) ...
Selecting previously unselected package linux-firmware.
Preparing to unpack .../19-linux-firmware_20240318.git3b128b60-0ubuntu2.19_amd64.deb ...
Unpacking linux-firmware (20240318.git3b128b60-0ubuntu2.19) ...
Selecting previously unselected package linux-modules-6.14.0-35-generic.
Preparing to unpack .../20-linux-modules-6.14.0-35-generic_6.14.0-35.35~24.04.1_amd64.deb ...
Unpacking linux-modules-6.14.0-35-generic (6.14.0-35.35~24.04.1) ...
Selecting previously unselected package linux-image-6.14.0-35-generic.
Preparing to unpack .../21-linux-image-6.14.0-35-generic_6.14.0-35.35~24.04.1_amd64.deb ...
Unpacking linux-image-6.14.0-35-generic (6.14.0-35.35~24.04.1) ...
Selecting previously unselected package linux-modules-extra-6.14.0-35-generic.
Preparing to unpack .../22-linux-modules-extra-6.14.0-35-generic_6.14.0-35.35~24.04.1_amd64.deb ...
Unpacking linux-modules-extra-6.14.0-35-generic (6.14.0-35.35~24.04.1) ...
Selecting previously unselected package intel-microcode.
Preparing to unpack .../23-intel-microcode_3.20250512.0ubuntu0.24.04.1_amd64.deb ...
Unpacking intel-microcode (3.20250512.0ubuntu0.24.04.1) ...
Selecting previously unselected package amd64-microcode.
Preparing to unpack .../24-amd64-microcode_3.20250311.1ubuntu0.24.04.1_amd64.deb ...
Unpacking amd64-microcode (3.20250311.1ubuntu0.24.04.1) ...
Selecting previously unselected package linux-image-generic-hwe-24.04.
Preparing to unpack .../25-linux-image-generic-hwe-24.04_6.14.0-35.35~24.04.1_amd64.deb ...
Unpacking linux-image-generic-hwe-24.04 (6.14.0-35.35~24.04.1) ...
Selecting previously unselected package linux-hwe-6.14-headers-6.14.0-35.
Preparing to unpack .../26-linux-hwe-6.14-headers-6.14.0-35_6.14.0-35.35~24.04.1_all.deb ...
Unpacking linux-hwe-6.14-headers-6.14.0-35 (6.14.0-35.35~24.04.1) ...
Selecting previously unselected package linux-headers-6.14.0-35-generic.
Preparing to unpack .../27-linux-headers-6.14.0-35-generic_6.14.0-35.35~24.04.1_amd64.deb ...
Unpacking linux-headers-6.14.0-35-generic (6.14.0-35.35~24.04.1) ...
Selecting previously unselected package linux-headers-generic-hwe-24.04.
Preparing to unpack .../28-linux-headers-generic-hwe-24.04_6.14.0-35.35~24.04.1_amd64.deb ...
Unpacking linux-headers-generic-hwe-24.04 (6.14.0-35.35~24.04.1) ...
Selecting previously unselected package linux-generic-hwe-24.04.
Preparing to unpack .../29-linux-generic-hwe-24.04_6.14.0-35.35~24.04.1_amd64.deb ...
Unpacking linux-generic-hwe-24.04 (6.14.0-35.35~24.04.1) ...
Selecting previously unselected package linux-tools-common.
Preparing to unpack .../30-linux-tools-common_6.8.0-87.88_all.deb ...
Unpacking linux-tools-common (6.8.0-87.88) ...
Selecting previously unselected package linux-hwe-6.14-tools-6.14.0-35.
Preparing to unpack .../31-linux-hwe-6.14-tools-6.14.0-35_6.14.0-35.35~24.04.1_amd64.deb ...
Unpacking linux-hwe-6.14-tools-6.14.0-35 (6.14.0-35.35~24.04.1) ...
Selecting previously unselected package linux-tools-6.14.0-35-generic.
Preparing to unpack .../32-linux-tools-6.14.0-35-generic_6.14.0-35.35~24.04.1_amd64.deb ...
Unpacking linux-tools-6.14.0-35-generic (6.14.0-35.35~24.04.1) ...
Selecting previously unselected package manpages-dev.
Preparing to unpack .../33-manpages-dev_6.7-2_all.deb ...
Unpacking manpages-dev (6.7-2) ...
Selecting previously unselected package thermald.
Preparing to unpack .../34-thermald_2.5.6-2ubuntu0.24.04.2_amd64.deb ...
Unpacking thermald (2.5.6-2ubuntu0.24.04.2) ...
Selecting previously unselected package ubuntu-kernel-accessories.
Preparing to unpack .../35-ubuntu-kernel-accessories_1.539.2_amd64.deb ...
Unpacking ubuntu-kernel-accessories (1.539.2) ...
Setting up manpages-dev (6.7-2) ...
Setting up ubuntu-kernel-accessories (1.539.2) ...
Setting up iucode-tool (2.3.1-3build1) ...
Setting up linux-firmware (20240318.git3b128b60-0ubuntu2.19) ...
Setting up intel-microcode (3.20250512.0ubuntu0.24.04.1) ...
intel-microcode: microcode will be updated at next boot
Setting up firmware-sof-signed (2023.12.1-1ubuntu1.10) ...
Setting up linux-libc-dev:amd64 (6.8.0-87.88) ...
Setting up amd64-microcode (3.20250311.1ubuntu0.24.04.1) ...
amd64-microcode: microcode will be updated at next boot
Setting up locales (2.39-0ubuntu8.6) ...
debconf: unable to initialize frontend: Dialog
debconf: (TERM is not set, so the dialog frontend is not usable.)
debconf: falling back to frontend: Readline
debconf: unable to initialize frontend: Readline
debconf: (This frontend requires a controlling tty.)
debconf: falling back to frontend: Teletype
Generating locales (this might take a while)...
  en_AG.UTF-8... done
  en_AU.UTF-8... done
  en_BW.UTF-8... done
  en_CA.UTF-8... done
  en_DK.UTF-8... done
  en_GB.UTF-8... done
  en_HK.UTF-8... done
  en_IE.UTF-8... done
  en_IL.UTF-8... done
  en_IN.UTF-8... done
  en_NG.UTF-8... done
  en_NZ.UTF-8... done
  en_PH.UTF-8... done
  en_SG.UTF-8... done
  en_US.UTF-8... done
  en_ZA.UTF-8... done
  en_ZM.UTF-8... done
  en_ZW.UTF-8... done
Generation complete.
Setting up libc6-dbg:amd64 (2.39-0ubuntu8.6) ...
Setting up hwdata (0.379-1) ...
Setting up rpcsvc-proto (1.4.2-0ubuntu7) ...
Setting up linux-hwe-6.14-headers-6.14.0-35 (6.14.0-35.35~24.04.1) ...
Setting up linux-modules-6.14.0-35-generic (6.14.0-35.35~24.04.1) ...
Setting up ieee-data (20220827.1) ...
Setting up libcrypt-dev:amd64 (1:4.4.36-4build1) ...
Setting up linux-image-6.14.0-35-generic (6.14.0-35.35~24.04.1) ...
I: /boot/vmlinuz.old is now a symlink to vmlinuz-6.14.0-35-generic
I: /boot/initrd.img.old is now a symlink to initrd.img-6.14.0-35-generic
I: /boot/vmlinuz is now a symlink to vmlinuz-6.14.0-35-generic
I: /boot/initrd.img is now a symlink to initrd.img-6.14.0-35-generic
Setting up linux-modules-extra-6.14.0-35-generic (6.14.0-35.35~24.04.1) ...
Setting up libc-dev-bin (2.39-0ubuntu8.6) ...
Setting up linux-tools-common (6.8.0-87.88) ...
Setting up thermald (2.5.6-2ubuntu0.24.04.2) ...
Created symlink /etc/systemd/system/dbus-org.freedesktop.thermald.service  /usr/lib/systemd/system/thermald.service.
Created symlink /etc/systemd/system/multi-user.target.wants/thermald.service  /usr/lib/systemd/system/thermald.service.
Running in chroot, ignoring command 'daemon-reload'
/usr/sbin/policy-rc.d returned 101, not running 'start thermald.service'
Setting up libc-devtools (2.39-0ubuntu8.6) ...
Setting up linux-headers-6.14.0-35-generic (6.14.0-35.35~24.04.1) ...
Setting up libllvm18:amd64 (1:18.1.3-1ubuntu1) ...
Setting up libclang1-18 (1:18.1.3-1ubuntu1) ...
Setting up linux-image-generic-hwe-24.04 (6.14.0-35.35~24.04.1) ...
Setting up linux-hwe-6.14-tools-6.14.0-35 (6.14.0-35.35~24.04.1) ...
Setting up python3-netaddr (0.8.0-2ubuntu1) ...
Setting up linux-headers-generic-hwe-24.04 (6.14.0-35.35~24.04.1) ...
Setting up libc6-dev:amd64 (2.39-0ubuntu8.6) ...
Setting up libclang-cpp18 (1:18.1.3-1ubuntu1) ...
Setting up libbpfcc:amd64 (0.29.1+ds-1ubuntu7) ...
Setting up python3-bpfcc (0.29.1+ds-1ubuntu7) ...
Setting up linux-tools-6.14.0-35-generic (6.14.0-35.35~24.04.1) ...
Setting up bpftrace (0.20.2-1ubuntu4.3) ...
Setting up linux-generic-hwe-24.04 (6.14.0-35.35~24.04.1) ...
Setting up bpfcc-tools (0.29.1+ds-1ubuntu7) ...
Processing triggers for libc-bin (2.39-0ubuntu8.6) ...
Processing triggers for man-db (2.12.0-4build2) ...
Processing triggers for dbus (1.14.10-4ubuntu4.1) ...
Processing triggers for initramfs-tools (0.142ubuntu25.5) ...
Processing triggers for linux-image-6.14.0-35-generic (6.14.0-35.35~24.04.1) ...
Running command ['udevadm', 'settle'] with allowed return codes [0] (capture=False)
TIMED subp(['udevadm', 'settle']): 0.013
Running command ['mount', '--make-private', '/target/usr/bin/ischroot'] with allowed return codes [0] (capture=False)
Running command ['umount', '/target/usr/bin/ischroot'] with allowed return codes [0] (capture=False)
Running command ['mount', '--make-private', '/target/sys'] with allowed return codes [0] (capture=False)
Running command ['umount', '/target/sys'] with allowed return codes [0] (capture=False)
Running command ['mount', '--make-private', '/target/run'] with allowed return codes [0] (capture=False)
Running command ['umount', '/target/run'] with allowed return codes [0] (capture=False)
Running command ['mount', '--make-private', '/target/proc'] with allowed return codes [0] (capture=False)
Running command ['umount', '/target/proc'] with allowed return codes [0] (capture=False)
Running command ['mount', '--make-private', '/target/dev'] with allowed return codes [0] (capture=False)
Running command ['umount', '/target/dev'] with allowed return codes [0] (capture=False)
Running command ['mount', '--bind', '/dev', '/target/dev'] with allowed return codes [0] (capture=False)
Running command ['mount', '--bind', '/proc', '/target/proc'] with allowed return codes [0] (capture=False)
Running command ['mount', '--bind', '/run', '/target/run'] with allowed return codes [0] (capture=False)
Running command ['mount', '--bind', '/sys', '/target/sys'] with allowed return codes [0] (capture=False)
Running command ['mount', '--bind', '/target/usr/bin/true', '/target/usr/bin/ischroot'] with allowed return codes [0] (capture=False)
Checking if target_proc (/target/proc) is a mount
It is, so unshare will use --mount-proc=/target/proc
Running command ['unshare', '--fork', '--pid', '--mount-proc=/target/proc', '--', 'chroot', '/target', 'apt-get', 'clean'] with allowed return codes [0] (capture=False)
Running command ['udevadm', 'settle'] with allowed return codes [0] (capture=False)
TIMED subp(['udevadm', 'settle']): 0.007
Running command ['mount', '--make-private', '/target/usr/bin/ischroot'] with allowed return codes [0] (capture=False)
Running command ['umount', '/target/usr/bin/ischroot'] with allowed return codes [0] (capture=False)
Running command ['mount', '--make-private', '/target/sys'] with allowed return codes [0] (capture=False)
Running command ['umount', '/target/sys'] with allowed return codes [0] (capture=False)
Running command ['mount', '--make-private', '/target/run'] with allowed return codes [0] (capture=False)
Running command ['umount', '/target/run'] with allowed return codes [0] (capture=False)
Running command ['mount', '--make-private', '/target/proc'] with allowed return codes [0] (capture=False)
Running command ['umount', '/target/proc'] with allowed return codes [0] (capture=False)
Running command ['mount', '--make-private', '/target/dev'] with allowed return codes [0] (capture=False)
Running command ['umount', '/target/dev'] with allowed return codes [0] (capture=False)
finish: cmd-install/stage-curthooks/builtin/cmd-curthooks/installing-kernel: SUCCESS: installing kernel
start: cmd-install/stage-curthooks/builtin/cmd-curthooks/setting-up-swap: setting up swap
swap suggestion analysis: available: 34G maxsize: 8G memsize: 3G size before decision: 3G suggested size: 3G reason: lesser of formula or maxsize
Running command ['findmnt', '--noheading', '--target', '/target/', '-o', 'FSTYPE'] with allowed return codes [0] (capture=True)
Running command ['sh', '-c', 'rm -f "$1" && umask 0066 && truncate -s 0 "$1" && { chattr +C "$1" || true; } && fallocate -l "${2}M" "$1" && mkswap "$1" || { r=$?; rm -f "$1"; exit $r; }', 'setup_swap', '/target//swap.img', '3867'] with allowed return codes [0] (capture=False)
chattr: Operation not supported while setting flags on /target//swap.img
Setting up swapspace version 1, size = 3.8 GiB (4054839296 bytes)
no label, UUID=0ff7ac44-bb5b-4843-9c97-e13a9cb7966d
creating swapfile '/swap.img' of 3867MB took 0.106 seconds
finish: cmd-install/stage-curthooks/builtin/cmd-curthooks/setting-up-swap: SUCCESS: setting up swap
start: cmd-install/stage-curthooks/builtin/cmd-curthooks/apply-networking-config: apply networking config
copying interfaces
no interfaces file to copy!
finish: cmd-install/stage-curthooks/builtin/cmd-curthooks/apply-networking-config: SUCCESS: apply networking config
start: cmd-install/stage-curthooks/builtin/cmd-curthooks/writing-etc-fstab: writing etc/fstab
finish: cmd-install/stage-curthooks/builtin/cmd-curthooks/writing-etc-fstab: SUCCESS: writing etc/fstab
start: cmd-install/stage-curthooks/builtin/cmd-curthooks/configuring-multipath: configuring multipath
Multipath detection found: None
finish: cmd-install/stage-curthooks/builtin/cmd-curthooks/configuring-multipath: SUCCESS: configuring multipath
start: cmd-install/stage-curthooks/builtin/cmd-curthooks/system-upgrade: updating packages on target system
system_upgrade disabled by config.
finish: cmd-install/stage-curthooks/builtin/cmd-curthooks/system-upgrade: SUCCESS: updating packages on target system
start: cmd-install/stage-curthooks/builtin/cmd-curthooks/pollinate-user-agent: configuring pollinate user-agent on target
finish: cmd-install/stage-curthooks/builtin/cmd-curthooks/pollinate-user-agent: SUCCESS: configuring pollinate user-agent on target
start: cmd-install/stage-curthooks/builtin/cmd-curthooks/updating-initramfs-configuration: updating initramfs configuration
Running command ['mount', '--bind', '/dev', '/target/dev'] with allowed return codes [0] (capture=False)
Running command ['mount', '--bind', '/proc', '/target/proc'] with allowed return codes [0] (capture=False)
Running command ['mount', '--bind', '/run', '/target/run'] with allowed return codes [0] (capture=False)
Running command ['mount', '--bind', '/sys', '/target/sys'] with allowed return codes [0] (capture=False)
Running command ['mount', '--bind', '/target/usr/bin/true', '/target/usr/bin/ischroot'] with allowed return codes [0] (capture=False)
Checking if target_proc (/target/proc) is a mount
It is, so unshare will use --mount-proc=/target/proc
Running command ['unshare', '--fork', '--pid', '--mount-proc=/target/proc', '--', 'chroot', '/target', 'dpkg-divert', '--list'] with allowed return codes [0] (capture=True)
Running command ['udevadm', 'settle'] with allowed return codes [0] (capture=False)
TIMED subp(['udevadm', 'settle']): 0.010
Running command ['mount', '--make-private', '/target/usr/bin/ischroot'] with allowed return codes [0] (capture=False)
Running command ['umount', '/target/usr/bin/ischroot'] with allowed return codes [0] (capture=False)
Running command ['mount', '--make-private', '/target/sys'] with allowed return codes [0] (capture=False)
Running command ['umount', '/target/sys'] with allowed return codes [0] (capture=False)
Running command ['mount', '--make-private', '/target/run'] with allowed return codes [0] (capture=False)
Running command ['umount', '/target/run'] with allowed return codes [0] (capture=False)
Running command ['mount', '--make-private', '/target/proc'] with allowed return codes [0] (capture=False)
Running command ['umount', '/target/proc'] with allowed return codes [0] (capture=False)
Running command ['mount', '--make-private', '/target/dev'] with allowed return codes [0] (capture=False)
Running command ['umount', '/target/dev'] with allowed return codes [0] (capture=False)
Running command ['mount', '--bind', '/dev', '/target/dev'] with allowed return codes [0] (capture=False)
Running command ['mount', '--bind', '/proc', '/target/proc'] with allowed return codes [0] (capture=False)
Running command ['mount', '--bind', '/run', '/target/run'] with allowed return codes [0] (capture=False)
Running command ['mount', '--bind', '/sys', '/target/sys'] with allowed return codes [0] (capture=False)
Running command ['mount', '--bind', '/target/usr/bin/true', '/target/usr/bin/ischroot'] with allowed return codes [0] (capture=False)
Restoring update-initramfs in target for initrd updates.
del_file: removed /target/usr/sbin/update-initramfs
Checking if target_proc (/target/proc) is a mount
It is, so unshare will use --mount-proc=/target/proc
Running command ['unshare', '--fork', '--pid', '--mount-proc=/target/proc', '--', 'chroot', '/target', 'dpkg-divert', '--rename', '--remove', '/usr/sbin/update-initramfs'] with allowed return codes [0] (capture=False)
Removing 'local diversion of /usr/sbin/update-initramfs to /usr/sbin/update-initramfs.curtin-disabled'
Running command ['udevadm', 'settle'] with allowed return codes [0] (capture=False)
TIMED subp(['udevadm', 'settle']): 0.006
Running command ['mount', '--make-private', '/target/usr/bin/ischroot'] with allowed return codes [0] (capture=False)
Running command ['umount', '/target/usr/bin/ischroot'] with allowed return codes [0] (capture=False)
Running command ['mount', '--make-private', '/target/sys'] with allowed return codes [0] (capture=False)
Running command ['umount', '/target/sys'] with allowed return codes [0] (capture=False)
Running command ['mount', '--make-private', '/target/run'] with allowed return codes [0] (capture=False)
Running command ['umount', '/target/run'] with allowed return codes [0] (capture=False)
Running command ['mount', '--make-private', '/target/proc'] with allowed return codes [0] (capture=False)
Running command ['umount', '/target/proc'] with allowed return codes [0] (capture=False)
Running command ['mount', '--make-private', '/target/dev'] with allowed return codes [0] (capture=False)
Running command ['umount', '/target/dev'] with allowed return codes [0] (capture=False)
Running command ['mount', '--bind', '/dev', '/target/dev'] with allowed return codes [0] (capture=False)
Running command ['mount', '--bind', '/proc', '/target/proc'] with allowed return codes [0] (capture=False)
Running command ['mount', '--bind', '/run', '/target/run'] with allowed return codes [0] (capture=False)
Running command ['mount', '--bind', '/sys', '/target/sys'] with allowed return codes [0] (capture=False)
Running command ['mount', '--bind', '/target/usr/bin/true', '/target/usr/bin/ischroot'] with allowed return codes [0] (capture=False)
Checking if target_proc (/target/proc) is a mount
It is, so unshare will use --mount-proc=/target/proc
Running command ['unshare', '--fork', '--pid', '--mount-proc=/target/proc', '--', 'chroot', '/target', 'dpkg-divert', '--list'] with allowed return codes [0] (capture=True)
Running command ['udevadm', 'settle'] with allowed return codes [0] (capture=False)
TIMED subp(['udevadm', 'settle']): 0.012
Running command ['mount', '--make-private', '/target/usr/bin/ischroot'] with allowed return codes [0] (capture=False)
Running command ['umount', '/target/usr/bin/ischroot'] with allowed return codes [0] (capture=False)
Running command ['mount', '--make-private', '/target/sys'] with allowed return codes [0] (capture=False)
Running command ['umount', '/target/sys'] with allowed return codes [0] (capture=False)
Running command ['mount', '--make-private', '/target/run'] with allowed return codes [0] (capture=False)
Running command ['umount', '/target/run'] with allowed return codes [0] (capture=False)
Running command ['mount', '--make-private', '/target/proc'] with allowed return codes [0] (capture=False)
Running command ['umount', '/target/proc'] with allowed return codes [0] (capture=False)
Running command ['mount', '--make-private', '/target/dev'] with allowed return codes [0] (capture=False)
Running command ['umount', '/target/dev'] with allowed return codes [0] (capture=False)
Running command ['mount', '--bind', '/dev', '/target/dev'] with allowed return codes [0] (capture=False)
Running command ['mount', '--bind', '/proc', '/target/proc'] with allowed return codes [0] (capture=False)
Running command ['mount', '--bind', '/run', '/target/run'] with allowed return codes [0] (capture=False)
Running command ['mount', '--bind', '/sys', '/target/sys'] with allowed return codes [0] (capture=False)
Running command ['mount', '--bind', '/target/usr/bin/true', '/target/usr/bin/ischroot'] with allowed return codes [0] (capture=False)
Checking if target_proc (/target/proc) is a mount
It is, so unshare will use --mount-proc=/target/proc
Running command ['unshare', '--fork', '--pid', '--mount-proc=/target/proc', '--', 'chroot', '/target', 'update-initramfs', '-c', '-k', '6.14.0-35-generic'] with allowed return codes [0] (capture=False)
update-initramfs: Generating /boot/initrd.img-6.14.0-35-generic
Running command ['udevadm', 'settle'] with allowed return codes [0] (capture=False)
TIMED subp(['udevadm', 'settle']): 0.011
Running command ['mount', '--make-private', '/target/usr/bin/ischroot'] with allowed return codes [0] (capture=False)
Running command ['umount', '/target/usr/bin/ischroot'] with allowed return codes [0] (capture=False)
Running command ['mount', '--make-private', '/target/sys'] with allowed return codes [0] (capture=False)
Running command ['umount', '/target/sys'] with allowed return codes [0] (capture=False)
Running command ['mount', '--make-private', '/target/run'] with allowed return codes [0] (capture=False)
Running command ['umount', '/target/run'] with allowed return codes [0] (capture=False)
Running command ['mount', '--make-private', '/target/proc'] with allowed return codes [0] (capture=False)
Running command ['umount', '/target/proc'] with allowed return codes [0] (capture=False)
Running command ['mount', '--make-private', '/target/dev'] with allowed return codes [0] (capture=False)
Running command ['umount', '/target/dev'] with allowed return codes [0] (capture=False)
finish: cmd-install/stage-curthooks/builtin/cmd-curthooks/updating-initramfs-configuration: SUCCESS: updating initramfs configuration
start: cmd-install/stage-curthooks/builtin/cmd-curthooks/configuring-bootloader: configuring target system bootloader
start: cmd-install/stage-curthooks/builtin/cmd-curthooks/install-grub: installing grub to target devices
setup grub on target /target
checking: {'ptable': 'gpt', 'path': '/dev/sda', 'wipe': 'superblock-recursive', 'preserve': False, 'name': '', 'grub_device': True, 'id': 'disk-sda', 'type': 'disk'}
get_path_to_storage_volume for volume disk-sda({'ptable': 'gpt', 'path': '/dev/sda', 'wipe': 'superblock-recursive', 'preserve': False, 'name': '', 'grub_device': True, 'id': 'disk-sda', 'type': 'disk'})
Running command ['udevadm', 'info', '--query=property', '--export', '/dev/sda'] with allowed return codes [0] (capture=True)
/dev/sda is multipath device member? False
Running command ['partprobe', '/dev/sda'] with allowed return codes [0, 1] (capture=False)
Running command ['udevadm', 'settle'] with allowed return codes [0] (capture=False)
TIMED udevadm_settle(): 0.022
devsync happy - path /dev/sda now exists
return volume path /dev/sda
install_devices: ['/dev/sda']
Generating grub debconf_selections for devices=['/dev/sda'] uefi=False
Applying grub debconf_selections config:
{'debconf_selections': {'grub': 'grub-pc grub-pc/install_devices multiselect /dev/sda'}}
Applying debconf selections
Checking if target_proc (/target/proc) is a mount
It's not, using normal behavior
Running command ['unshare', '--fork', '--pid', '--', 'chroot', '/target', 'debconf-set-selections'] with allowed return codes [0] (capture=True)
Checking if target_proc (/target/proc) is a mount
It's not, using normal behavior
Running command ['unshare', '--fork', '--pid', '--', 'chroot', '/target', 'dpkg-query', '--list'] with allowed return codes [0] (capture=True)
The following packages were installed and preseeded, but cannot be unconfigured: ['grub-pc']
installing grub to target=/target devices=['/dev/sda'] [replace_defaults=False]
Checking if target_proc (/target/proc) is a mount
It's not, using normal behavior
Running command ['unshare', '--fork', '--pid', '--', 'chroot', '/target', 'dpkg', '--print-architecture'] with allowed return codes [0] (capture=True)
Using grub install command: grub-install
Grub install cmds:
[['dpkg-reconfigure', 'grub-pc'], ['update-grub'], ['grub-install', '/dev/sda']]
Running command ['mount', '--bind', '/dev', '/target/dev'] with allowed return codes [0] (capture=False)
Running command ['mount', '--bind', '/proc', '/target/proc'] with allowed return codes [0] (capture=False)
Running command ['mount', '--bind', '/run', '/target/run'] with allowed return codes [0] (capture=False)
Running command ['mount', '--bind', '/sys', '/target/sys'] with allowed return codes [0] (capture=False)
Running command ['mount', '--bind', '/target/usr/bin/true', '/target/usr/bin/ischroot'] with allowed return codes [0] (capture=False)
Checking if target_proc (/target/proc) is a mount
It is, so unshare will use --mount-proc=/target/proc
Running command ['unshare', '--fork', '--pid', '--mount-proc=/target/proc', '--', 'chroot', '/target', 'dpkg-reconfigure', 'grub-pc'] with allowed return codes [0] (capture=True)
Checking if target_proc (/target/proc) is a mount
It is, so unshare will use --mount-proc=/target/proc
Running command ['unshare', '--fork', '--pid', '--mount-proc=/target/proc', '--', 'chroot', '/target', 'update-grub'] with allowed return codes [0] (capture=True)
Checking if target_proc (/target/proc) is a mount
It is, so unshare will use --mount-proc=/target/proc
Running command ['unshare', '--fork', '--pid', '--mount-proc=/target/proc', '--', 'chroot', '/target', 'grub-install', '/dev/sda'] with allowed return codes [0] (capture=True)
Running command ['udevadm', 'settle'] with allowed return codes [0] (capture=False)
TIMED subp(['udevadm', 'settle']): 0.023
Running command ['mount', '--make-private', '/target/usr/bin/ischroot'] with allowed return codes [0] (capture=False)
Running command ['umount', '/target/usr/bin/ischroot'] with allowed return codes [0] (capture=False)
Running command ['mount', '--make-private', '/target/sys'] with allowed return codes [0] (capture=False)
Running command ['umount', '/target/sys'] with allowed return codes [0] (capture=False)
Running command ['mount', '--make-private', '/target/run'] with allowed return codes [0] (capture=False)
Running command ['umount', '/target/run'] with allowed return codes [0] (capture=False)
Running command ['mount', '--make-private', '/target/proc'] with allowed return codes [0] (capture=False)
Running command ['umount', '/target/proc'] with allowed return codes [0] (capture=False)
Running command ['mount', '--make-private', '/target/dev'] with allowed return codes [0] (capture=False)
Running command ['umount', '/target/dev'] with allowed return codes [0] (capture=False)
finish: cmd-install/stage-curthooks/builtin/cmd-curthooks/install-grub: SUCCESS: installing grub to target devices
finish: cmd-install/stage-curthooks/builtin/cmd-curthooks/configuring-bootloader: SUCCESS: configuring target system bootloader
start: cmd-install/stage-curthooks/builtin/cmd-curthooks/copy-cdrom-metadata: copying metadata from /cdrom
copying media-info into target
/cdrom/.disk/ubuntu_dist_channel not found, skipping
finish: cmd-install/stage-curthooks/builtin/cmd-curthooks/copy-cdrom-metadata: SUCCESS: copying metadata from /cdrom
finish: cmd-install/stage-curthooks/builtin/cmd-curthooks: SUCCESS: curtin command curthooks
curtin: Installation finished.
