17-Nov-2025 19:46:00.047 INFO [main] org.apache.catalina.core.ApplicationContext.log ContextListener: contextInitialized()
17-Nov-2025 19:46:00.047 INFO [main] org.apache.catalina.core.ApplicationContext.log SessionListener: contextInitialized()
17-Nov-2025 19:46:00.048 INFO [main] org.apache.catalina.core.ApplicationContext.log ContextListener: attributeAdded('StockTicker', 'async.Stockticker@4a9f80d3')
17-Nov-2025 19:51:00.228 SEVERE [Catalina-utility-1] org.apache.catalina.session.StoreBase.processExpires Error processing session expiration for key [gdiju]
	java.io.StreamCorruptedException
		at java.base/java.util.Hashtable.reconstitutionPut(Hashtable.java:1353)
		at java.base/java.util.Hashtable.readHashtable(Hashtable.java:1314)
		at java.base/java.util.Hashtable.readObject(Hashtable.java:1256)
		at java.base/jdk.internal.reflect.DirectMethodHandleAccessor.invoke(DirectMethodHandleAccessor.java:104)
		at java.base/java.lang.reflect.Method.invoke(Method.java:565)
		at java.base/java.io.ObjectStreamClass.invokeReadObject(ObjectStreamClass.java:976)
		at java.base/java.io.ObjectInputStream.readSerialData(ObjectInputStream.java:2302)
		at java.base/java.io.ObjectInputStream.readOrdinaryObject(ObjectInputStream.java:2133)
		at java.base/java.io.ObjectInputStream.readObject0(ObjectInputStream.java:1620)
		at java.base/java.io.ObjectInputStream.readObject(ObjectInputStream.java:487)
		at java.base/java.io.ObjectInputStream.readObject(ObjectInputStream.java:445)
		at org.apache.catalina.session.StandardSession.doReadObject(StandardSession.java:1199)
		at org.apache.catalina.session.StandardSession.readObjectData(StandardSession.java:846)
		at org.apache.catalina.session.FileStore.load(FileStore.java:203)
		at org.apache.catalina.session.StoreBase.processExpires(StoreBase.java:138)
		at org.apache.catalina.session.PersistentManagerBase.processExpires(PersistentManagerBase.java:409)
		at org.apache.catalina.session.ManagerBase.backgroundProcess(ManagerBase.java:595)
		at org.apache.catalina.core.StandardContext.backgroundProcess(StandardContext.java:4811)
		at org.apache.catalina.core.ContainerBase$ContainerBackgroundProcessor.processChildren(ContainerBase.java:1172)
		at org.apache.catalina.core.ContainerBase$ContainerBackgroundProcessor.processChildren(ContainerBase.java:1176)
		at org.apache.catalina.core.ContainerBase$ContainerBackgroundProcessor.processChildren(ContainerBase.java:1176)
		at org.apache.catalina.core.ContainerBase$ContainerBackgroundProcessor.run(ContainerBase.java:1154)
		at java.base/java.util.concurrent.Executors$RunnableAdapter.call(Executors.java:545)
		at java.base/java.util.concurrent.FutureTask.runAndReset(FutureTask.java:369)
		at java.base/java.util.concurrent.ScheduledThreadPoolExecutor$ScheduledFutureTask.run(ScheduledThreadPoolExecutor.java:310)
		at java.base/java.util.concurrent.ThreadPoolExecutor.runWorker(ThreadPoolExecutor.java:1090)
		at java.base/java.util.concurrent.ThreadPoolExecutor$Worker.run(ThreadPoolExecutor.java:614)
		at org.apache.tomcat.util.threads.TaskThread$WrappingRunnable.run(TaskThread.java:63)
		at java.base/java.lang.Thread.run(Thread.java:1474)
