Cloud-init v. 25.1.4-0ubuntu0~24.04.1 running 'init-local' at Mon, 10 Nov 2025 18:11:16 +0000. Up 6.19 seconds.
Cloud-init v. 25.1.4-0ubuntu0~24.04.1 running 'init' at Mon, 10 Nov 2025 18:11:23 +0000. Up 12.80 seconds.
ci-info: ++++++++++++++++++++++++++++++++++++++Net device info+++++++++++++++++++++++++++++++++++++++
ci-info: +--------+------+-----------------------------+---------------+--------+-------------------+
ci-info: | Device |  Up  |           Address           |      Mask     | Scope  |     Hw-Address    |
ci-info: +--------+------+-----------------------------+---------------+--------+-------------------+
ci-info: | ens33  | True |       192.168.153.131       | 255.255.255.0 | global | 00:0c:29:75:f7:12 |
ci-info: | ens33  | True | fe80::20c:29ff:fe75:f712/64 |       .       |  link  | 00:0c:29:75:f7:12 |
ci-info: |   lo   | True |          127.0.0.1          |   255.0.0.0   |  host  |         .         |
ci-info: |   lo   | True |           ::1/128           |       .       |  host  |         .         |
ci-info: +--------+------+-----------------------------+---------------+--------+-------------------+
ci-info: +++++++++++++++++++++++++++++++Route IPv4 info+++++++++++++++++++++++++++++++
ci-info: +-------+---------------+---------------+---------------+-----------+-------+
ci-info: | Route |  Destination  |    Gateway    |    Genmask    | Interface | Flags |
ci-info: +-------+---------------+---------------+---------------+-----------+-------+
ci-info: |   0   |    0.0.0.0    | 192.168.153.2 |    0.0.0.0    |   ens33   |   UG  |
ci-info: |   1   | 192.168.153.0 |    0.0.0.0    | 255.255.255.0 |   ens33   |   U   |
ci-info: +-------+---------------+---------------+---------------+-----------+-------+
ci-info: +++++++++++++++++++Route IPv6 info+++++++++++++++++++
ci-info: +-------+-------------+---------+-----------+-------+
ci-info: | Route | Destination | Gateway | Interface | Flags |
ci-info: +-------+-------------+---------+-----------+-------+
ci-info: |   0   |  fe80::/64  |    ::   |   ens33   |   U   |
ci-info: |   2   |  multicast  |    ::   |   ens33   |   U   |
ci-info: +-------+-------------+---------+-----------+-------+
Generating public/private rsa key pair.
Your identification has been saved in /etc/ssh/ssh_host_rsa_key
Your public key has been saved in /etc/ssh/ssh_host_rsa_key.pub
The key fingerprint is:
SHA256:oE3ht71ME1BTR8HWR/Q1C7GZHs+V79HJR0Eod3r/nKw root@meaow
The key's randomart image is:
+---[RSA 3072]----+
|      . ..o..=BO+|
|     . . . o +B.X|
|      + . . o*oo=|
|     + o o ...=o=|
|    . . S +  ..*=|
|         o o   .+|
|          o   ..+|
|               oo|
|             E.  |
+----[SHA256]-----+
Generating public/private ecdsa key pair.
Your identification has been saved in /etc/ssh/ssh_host_ecdsa_key
Your public key has been saved in /etc/ssh/ssh_host_ecdsa_key.pub
The key fingerprint is:
SHA256:rBX5aEK2S1XfsTinfZqtcuvE5xmelB0Gtduq3L8QZVQ root@meaow
The key's randomart image is:
+---[ECDSA 256]---+
|          .   .oE|
|         o . ooo.|
|      o +   +.++ |
|     o + +   =+ o|
|      + S . ...+o|
|     . *     .o*+|
|      o      .*++|
|           ..+=++|
|            o+=B+|
+----[SHA256]-----+
Generating public/private ed25519 key pair.
Your identification has been saved in /etc/ssh/ssh_host_ed25519_key
Your public key has been saved in /etc/ssh/ssh_host_ed25519_key.pub
The key fingerprint is:
SHA256:rZfGIrSAc7285+QGw2cuKu+lEyoaPNZnwtLzeJJUQCw root@meaow
The key's randomart image is:
+--[ED25519 256]--+
|  o.             |
| E o             |
|  . .            |
|   . o   .       |
|  o +.o S .      |
|. ++.++ooo .     |
|.=.B.+**+ =      |
|o.=oO+.=++       |
|o. =B+.=o        |
+----[SHA256]-----+
Cloud-init v. 25.1.4-0ubuntu0~24.04.1 running 'modules:config' at Mon, 10 Nov 2025 18:11:25 +0000. Up 15.15 seconds.
Generating locales (this might take a while)...
  en_US.UTF-8... done
Generation complete.
Cloud-init v. 25.1.4-0ubuntu0~24.04.1 running 'modules:final' at Mon, 10 Nov 2025 18:11:38 +0000. Up 27.60 seconds.
Cloud-init v. 25.1.4-0ubuntu0~24.04.1 finished at Mon, 10 Nov 2025 18:11:38 +0000. Datasource DataSourceNone.  Up 27.68 seconds
