Log started: 2025-11-10  18:10:06
Preconfiguring packages ...
setting xserver-xorg-legacy/xwrapper/allowed_users from configuration file
Preconfiguring packages ...
setting xserver-xorg-legacy/xwrapper/allowed_users from configuration file
E: Can not write log (Is /dev/pts mounted?) - posix_openpt (19: No such device)
(Reading database ... 150391 files and directories currently installed.)
Preparing to unpack .../dpkg_1.22.6ubuntu6.5_amd64.deb ...
Unpacking dpkg (1.22.6ubuntu6.5) over (1.22.6ubuntu6.1) ...
Setting up dpkg (1.22.6ubuntu6.5) ...
Running in chroot, ignoring command 'daemon-reload'
(Reading database ... 150391 files and directories currently installed.)
Preparing to unpack .../libpam0g_1.5.3-5ubuntu5.5_amd64.deb ...
Unpacking libpam0g:amd64 (1.5.3-5ubuntu5.5) over (1.5.3-5ubuntu5.4) ...
Setting up libpam0g:amd64 (1.5.3-5ubuntu5.5) ...
(Reading database ... 150391 files and directories currently installed.)
Preparing to unpack .../libpam-modules-bin_1.5.3-5ubuntu5.5_amd64.deb ...
Unpacking libpam-modules-bin (1.5.3-5ubuntu5.5) over (1.5.3-5ubuntu5.4) ...
Setting up libpam-modules-bin (1.5.3-5ubuntu5.5) ...
Running in chroot, ignoring command 'daemon-reload'
/usr/sbin/policy-rc.d returned 101, not running 'restart pam_namespace.service'
(Reading database ... 150391 files and directories currently installed.)
Preparing to unpack .../libpam-modules_1.5.3-5ubuntu5.5_amd64.deb ...
Unpacking libpam-modules:amd64 (1.5.3-5ubuntu5.5) over (1.5.3-5ubuntu5.4) ...
Setting up libpam-modules:amd64 (1.5.3-5ubuntu5.5) ...
(Reading database ... 150391 files and directories currently installed.)
Preparing to unpack .../libpython3.12t64_3.12.3-1ubuntu0.8_amd64.deb ...
Unpacking libpython3.12t64:amd64 (3.12.3-1ubuntu0.8) over (3.12.3-1ubuntu0.7) ...
Preparing to unpack .../libssl3t64_3.0.13-0ubuntu3.6_amd64.deb ...
Unpacking libssl3t64:amd64 (3.0.13-0ubuntu3.6) over (3.0.13-0ubuntu3.5) ...
Setting up libssl3t64:amd64 (3.0.13-0ubuntu3.6) ...
(Reading database ... 150391 files and directories currently installed.)
Preparing to unpack .../00-python3.12_3.12.3-1ubuntu0.8_amd64.deb ...
Unpacking python3.12 (3.12.3-1ubuntu0.8) over (3.12.3-1ubuntu0.7) ...
Preparing to unpack .../01-libpython3.12-stdlib_3.12.3-1ubuntu0.8_amd64.deb ...
Unpacking libpython3.12-stdlib:amd64 (3.12.3-1ubuntu0.8) over (3.12.3-1ubuntu0.7) ...
Preparing to unpack .../02-python3.12-minimal_3.12.3-1ubuntu0.8_amd64.deb ...
Unpacking python3.12-minimal (3.12.3-1ubuntu0.8) over (3.12.3-1ubuntu0.7) ...
Preparing to unpack .../03-libpython3.12-minimal_3.12.3-1ubuntu0.8_amd64.deb ...
Unpacking libpython3.12-minimal:amd64 (3.12.3-1ubuntu0.8) over (3.12.3-1ubuntu0.7) ...
Preparing to unpack .../04-libsqlite3-0_3.45.1-1ubuntu2.5_amd64.deb ...
Unpacking libsqlite3-0:amd64 (3.45.1-1ubuntu2.5) over (3.45.1-1ubuntu2.4) ...
Preparing to unpack .../05-cups-ipp-utils_2.4.7-1.2ubuntu7.4_amd64.deb ...
Unpacking cups-ipp-utils (2.4.7-1.2ubuntu7.4) over (2.4.7-1.2ubuntu7.3) ...
Preparing to unpack .../06-cups-common_2.4.7-1.2ubuntu7.4_all.deb ...
Unpacking cups-common (2.4.7-1.2ubuntu7.4) over (2.4.7-1.2ubuntu7.3) ...
Preparing to unpack .../07-cups-bsd_2.4.7-1.2ubuntu7.4_amd64.deb ...
Unpacking cups-bsd (2.4.7-1.2ubuntu7.4) over (2.4.7-1.2ubuntu7.3) ...
Preparing to unpack .../08-cups-client_2.4.7-1.2ubuntu7.4_amd64.deb ...
Unpacking cups-client (2.4.7-1.2ubuntu7.4) over (2.4.7-1.2ubuntu7.3) ...
Preparing to unpack .../09-cups-core-drivers_2.4.7-1.2ubuntu7.4_amd64.deb ...
Unpacking cups-core-drivers (2.4.7-1.2ubuntu7.4) over (2.4.7-1.2ubuntu7.3) ...
Preparing to unpack .../10-cups-ppdc_2.4.7-1.2ubuntu7.4_amd64.deb ...
Unpacking cups-ppdc (2.4.7-1.2ubuntu7.4) over (2.4.7-1.2ubuntu7.3) ...
Preparing to unpack .../11-cups-server-common_2.4.7-1.2ubuntu7.4_all.deb ...
Unpacking cups-server-common (2.4.7-1.2ubuntu7.4) over (2.4.7-1.2ubuntu7.3) ...
Preparing to unpack .../12-ghostscript_10.02.1~dfsg1-0ubuntu7.8_amd64.deb ...
Unpacking ghostscript (10.02.1~dfsg1-0ubuntu7.8) over (10.02.1~dfsg1-0ubuntu7.7) ...
Preparing to unpack .../13-libgs10_10.02.1~dfsg1-0ubuntu7.8_amd64.deb ...
Unpacking libgs10:amd64 (10.02.1~dfsg1-0ubuntu7.8) over (10.02.1~dfsg1-0ubuntu7.7) ...
Preparing to unpack .../14-libgs10-common_10.02.1~dfsg1-0ubuntu7.8_all.deb ...
Unpacking libgs10-common (10.02.1~dfsg1-0ubuntu7.8) over (10.02.1~dfsg1-0ubuntu7.7) ...
Preparing to unpack .../15-libgs-common_10.02.1~dfsg1-0ubuntu7.8_all.deb ...
Unpacking libgs-common (10.02.1~dfsg1-0ubuntu7.8) over (10.02.1~dfsg1-0ubuntu7.7) ...
Preparing to unpack .../16-libopenjp2-7_2.5.0-2ubuntu0.4_amd64.deb ...
Unpacking libopenjp2-7:amd64 (2.5.0-2ubuntu0.4) over (2.5.0-2ubuntu0.3) ...
Preparing to unpack .../17-libtiff6_4.5.1+git230720-4ubuntu2.4_amd64.deb ...
Unpacking libtiff6:amd64 (4.5.1+git230720-4ubuntu2.4) over (4.5.1+git230720-4ubuntu2.2) ...
Preparing to unpack .../18-libpoppler-cpp0t64_24.02.0-1ubuntu9.8_amd64.deb ...
Unpacking libpoppler-cpp0t64:amd64 (24.02.0-1ubuntu9.8) over (24.02.0-1ubuntu9.5) ...
Preparing to unpack .../19-libpoppler-glib8t64_24.02.0-1ubuntu9.8_amd64.deb ...
Unpacking libpoppler-glib8t64:amd64 (24.02.0-1ubuntu9.8) over (24.02.0-1ubuntu9.5) ...
Preparing to unpack .../20-poppler-utils_24.02.0-1ubuntu9.8_amd64.deb ...
Unpacking poppler-utils (24.02.0-1ubuntu9.8) over (24.02.0-1ubuntu9.5) ...
Preparing to unpack .../21-libpoppler134_24.02.0-1ubuntu9.8_amd64.deb ...
Unpacking libpoppler134:amd64 (24.02.0-1ubuntu9.8) over (24.02.0-1ubuntu9.5) ...
Preparing to unpack .../22-cups-daemon_2.4.7-1.2ubuntu7.4_amd64.deb ...
Unpacking cups-daemon (2.4.7-1.2ubuntu7.4) over (2.4.7-1.2ubuntu7.3) ...
Preparing to unpack .../23-cups_2.4.7-1.2ubuntu7.4_amd64.deb ...
Unpacking cups (2.4.7-1.2ubuntu7.4) over (2.4.7-1.2ubuntu7.3) ...
Preparing to unpack .../24-libcupsimage2t64_2.4.7-1.2ubuntu7.4_amd64.deb ...
Unpacking libcupsimage2t64:amd64 (2.4.7-1.2ubuntu7.4) over (2.4.7-1.2ubuntu7.3) ...
Preparing to unpack .../25-libcups2t64_2.4.7-1.2ubuntu7.4_amd64.deb ...
Unpacking libcups2t64:amd64 (2.4.7-1.2ubuntu7.4) over (2.4.7-1.2ubuntu7.3) ...
Preparing to unpack .../26-libpam-runtime_1.5.3-5ubuntu5.5_all.deb ...
Unpacking libpam-runtime (1.5.3-5ubuntu5.5) over (1.5.3-5ubuntu5.4) ...
Setting up libpam-runtime (1.5.3-5ubuntu5.5) ...
(Reading database ... 150391 files and directories currently installed.)
Preparing to unpack .../00-libxml2_2.9.14+dfsg-1.3ubuntu3.6_amd64.deb ...
Unpacking libxml2:amd64 (2.9.14+dfsg-1.3ubuntu3.6) over (2.9.14+dfsg-1.3ubuntu3.3) ...
Preparing to unpack .../01-openssl_3.0.13-0ubuntu3.6_amd64.deb ...
Unpacking openssl (3.0.13-0ubuntu3.6) over (3.0.13-0ubuntu3.5) ...
Preparing to unpack .../02-vim-tiny_2%3a9.1.0016-1ubuntu7.9_amd64.deb ...
Unpacking vim-tiny (2:9.1.0016-1ubuntu7.9) over (2:9.1.0016-1ubuntu7.8) ...
Preparing to unpack .../03-vim-common_2%3a9.1.0016-1ubuntu7.9_all.deb ...
Unpacking vim-common (2:9.1.0016-1ubuntu7.9) over (2:9.1.0016-1ubuntu7.8) ...
Preparing to unpack .../04-xxd_2%3a9.1.0016-1ubuntu7.9_amd64.deb ...
Unpacking xxd (2:9.1.0016-1ubuntu7.9) over (2:9.1.0016-1ubuntu7.8) ...
Preparing to unpack .../05-bind9-dnsutils_1%3a9.18.39-0ubuntu0.24.04.2_amd64.deb ...
Unpacking bind9-dnsutils (1:9.18.39-0ubuntu0.24.04.2) over (1:9.18.30-0ubuntu0.24.04.2) ...
Preparing to unpack .../06-bind9-host_1%3a9.18.39-0ubuntu0.24.04.2_amd64.deb ...
Unpacking bind9-host (1:9.18.39-0ubuntu0.24.04.2) over (1:9.18.30-0ubuntu0.24.04.2) ...
Preparing to unpack .../07-bind9-libs_1%3a9.18.39-0ubuntu0.24.04.2_amd64.deb ...
Unpacking bind9-libs:amd64 (1:9.18.39-0ubuntu0.24.04.2) over (1:9.18.30-0ubuntu0.24.04.2) ...
Preparing to unpack .../08-gir1.2-webkit2-4.1_2.48.7-0ubuntu0.24.04.2_amd64.deb ...
Unpacking gir1.2-webkit2-4.1:amd64 (2.48.7-0ubuntu0.24.04.2) over (2.48.3-0ubuntu0.24.04.1) ...
Preparing to unpack .../09-gir1.2-javascriptcoregtk-4.1_2.48.7-0ubuntu0.24.04.2_amd64.deb ...
Unpacking gir1.2-javascriptcoregtk-4.1:amd64 (2.48.7-0ubuntu0.24.04.2) over (2.48.3-0ubuntu0.24.04.1) ...
Preparing to unpack .../10-libwebkit2gtk-4.1-0_2.48.7-0ubuntu0.24.04.2_amd64.deb ...
Unpacking libwebkit2gtk-4.1-0:amd64 (2.48.7-0ubuntu0.24.04.2) over (2.48.3-0ubuntu0.24.04.1) ...
Preparing to unpack .../11-libjavascriptcoregtk-4.1-0_2.48.7-0ubuntu0.24.04.2_amd64.deb ...
Unpacking libjavascriptcoregtk-4.1-0:amd64 (2.48.7-0ubuntu0.24.04.2) over (2.48.3-0ubuntu0.24.04.1) ...
Preparing to unpack .../12-libgstreamer-plugins-base1.0-0_1.24.2-1ubuntu0.3_amd64.deb ...
Unpacking libgstreamer-plugins-base1.0-0:amd64 (1.24.2-1ubuntu0.3) over (1.24.2-1ubuntu0.2) ...
Preparing to unpack .../13-gstreamer1.0-plugins-base_1.24.2-1ubuntu0.3_amd64.deb ...
Unpacking gstreamer1.0-plugins-base:amd64 (1.24.2-1ubuntu0.3) over (1.24.2-1ubuntu0.2) ...
Preparing to unpack .../14-gstreamer1.0-plugins-good_1.24.2-1ubuntu1.2_amd64.deb ...
Unpacking gstreamer1.0-plugins-good:amd64 (1.24.2-1ubuntu1.2) over (1.24.2-1ubuntu1.1) ...
Preparing to unpack .../15-libgstreamer-plugins-good1.0-0_1.24.2-1ubuntu1.2_amd64.deb ...
Unpacking libgstreamer-plugins-good1.0-0:amd64 (1.24.2-1ubuntu1.2) over (1.24.2-1ubuntu1.1) ...
Preparing to unpack .../16-libgstreamer-gl1.0-0_1.24.2-1ubuntu0.3_amd64.deb ...
Unpacking libgstreamer-gl1.0-0:amd64 (1.24.2-1ubuntu0.3) over (1.24.2-1ubuntu0.2) ...
Preparing to unpack .../17-gir1.2-webkit-6.0_2.48.7-0ubuntu0.24.04.2_amd64.deb ...
Unpacking gir1.2-webkit-6.0:amd64 (2.48.7-0ubuntu0.24.04.2) over (2.48.3-0ubuntu0.24.04.1) ...
Preparing to unpack .../18-gir1.2-javascriptcoregtk-6.0_2.48.7-0ubuntu0.24.04.2_amd64.deb ...
Unpacking gir1.2-javascriptcoregtk-6.0:amd64 (2.48.7-0ubuntu0.24.04.2) over (2.48.3-0ubuntu0.24.04.1) ...
Preparing to unpack .../19-libwebkitgtk-6.0-4_2.48.7-0ubuntu0.24.04.2_amd64.deb ...
Unpacking libwebkitgtk-6.0-4:amd64 (2.48.7-0ubuntu0.24.04.2) over (2.48.3-0ubuntu0.24.04.1) ...
Preparing to unpack .../20-libjavascriptcoregtk-6.0-1_2.48.7-0ubuntu0.24.04.2_amd64.deb ...
Unpacking libjavascriptcoregtk-6.0-1:amd64 (2.48.7-0ubuntu0.24.04.2) over (2.48.3-0ubuntu0.24.04.1) ...
Preparing to unpack .../21-gstreamer1.0-alsa_1.24.2-1ubuntu0.3_amd64.deb ...
Unpacking gstreamer1.0-alsa:amd64 (1.24.2-1ubuntu0.3) over (1.24.2-1ubuntu0.2) ...
Preparing to unpack .../22-gstreamer1.0-gl_1.24.2-1ubuntu0.3_amd64.deb ...
Unpacking gstreamer1.0-gl:amd64 (1.24.2-1ubuntu0.3) over (1.24.2-1ubuntu0.2) ...
Preparing to unpack .../23-gstreamer1.0-plugins-base-apps_1.24.2-1ubuntu0.3_amd64.deb ...
Unpacking gstreamer1.0-plugins-base-apps (1.24.2-1ubuntu0.3) over (1.24.2-1ubuntu0.2) ...
Preparing to unpack .../24-gstreamer1.0-x_1.24.2-1ubuntu0.3_amd64.deb ...
Unpacking gstreamer1.0-x:amd64 (1.24.2-1ubuntu0.3) over (1.24.2-1ubuntu0.2) ...
Preparing to unpack .../25-libsmbclient0_2%3a4.19.5+dfsg-4ubuntu9.4_amd64.deb ...
Unpacking libsmbclient0:amd64 (2:4.19.5+dfsg-4ubuntu9.4) over (2:4.19.5+dfsg-4ubuntu9.2) ...
Preparing to unpack .../26-libldb2_2%3a2.8.0+samba4.19.5+dfsg-4ubuntu9.4_amd64.deb ...
Unpacking libldb2:amd64 (2:2.8.0+samba4.19.5+dfsg-4ubuntu9.4) over (2:2.8.0+samba4.19.5+dfsg-4ubuntu9.2) ...
Preparing to unpack .../27-samba-libs_2%3a4.19.5+dfsg-4ubuntu9.4_amd64.deb ...
Unpacking samba-libs:amd64 (2:4.19.5+dfsg-4ubuntu9.4) over (2:4.19.5+dfsg-4ubuntu9.2) ...
Preparing to unpack .../28-libwbclient0_2%3a4.19.5+dfsg-4ubuntu9.4_amd64.deb ...
Unpacking libwbclient0:amd64 (2:4.19.5+dfsg-4ubuntu9.4) over (2:4.19.5+dfsg-4ubuntu9.2) ...
Preparing to unpack .../29-libssh-4_0.10.6-2ubuntu0.2_amd64.deb ...
Unpacking libssh-4:amd64 (0.10.6-2ubuntu0.2) over (0.10.6-2ubuntu0.1) ...
Preparing to unpack .../30-udisks2_2.10.1-6ubuntu1.3_amd64.deb ...
Unpacking udisks2 (2.10.1-6ubuntu1.3) over (2.10.1-6ubuntu1.2) ...
Preparing to unpack .../31-libudisks2-0_2.10.1-6ubuntu1.3_amd64.deb ...
Unpacking libudisks2-0:amd64 (2.10.1-6ubuntu1.3) over (2.10.1-6ubuntu1.2) ...
Preparing to unpack .../32-xserver-common_2%3a21.1.12-1ubuntu1.5_all.deb ...
Unpacking xserver-common (2:21.1.12-1ubuntu1.5) over (2:21.1.12-1ubuntu1.4) ...
Preparing to unpack .../33-xserver-xephyr_2%3a21.1.12-1ubuntu1.5_amd64.deb ...
Unpacking xserver-xephyr (2:21.1.12-1ubuntu1.5) over (2:21.1.12-1ubuntu1.4) ...
Preparing to unpack .../34-xserver-xorg-legacy_2%3a21.1.12-1ubuntu1.5_amd64.deb ...
Unpacking xserver-xorg-legacy (2:21.1.12-1ubuntu1.5) over (2:21.1.12-1ubuntu1.4) ...
Preparing to unpack .../35-xserver-xorg-core_2%3a21.1.12-1ubuntu1.5_amd64.deb ...
Unpacking xserver-xorg-core (2:21.1.12-1ubuntu1.5) over (2:21.1.12-1ubuntu1.4) ...
Preparing to unpack .../36-xwayland_2%3a23.2.6-1ubuntu0.7_amd64.deb ...
Unpacking xwayland (2:23.2.6-1ubuntu0.7) over (2:23.2.6-1ubuntu0.6) ...
Setting up cups-server-common (2.4.7-1.2ubuntu7.4) ...
Setting up cups-common (2.4.7-1.2ubuntu7.4) ...
Setting up libgs-common (10.02.1~dfsg1-0ubuntu7.8) ...
Setting up libsqlite3-0:amd64 (3.45.1-1ubuntu2.5) ...
Setting up libpython3.12-minimal:amd64 (3.12.3-1ubuntu0.8) ...
Setting up libgstreamer-plugins-base1.0-0:amd64 (1.24.2-1ubuntu0.3) ...
Setting up libwbclient0:amd64 (2:4.19.5+dfsg-4ubuntu9.4) ...
Setting up xxd (2:9.1.0016-1ubuntu7.9) ...
Setting up libgstreamer-plugins-good1.0-0:amd64 (1.24.2-1ubuntu1.2) ...
Setting up libgstreamer-gl1.0-0:amd64 (1.24.2-1ubuntu0.3) ...
Setting up libjavascriptcoregtk-4.1-0:amd64 (2.48.7-0ubuntu0.24.04.2) ...
Setting up gstreamer1.0-plugins-base:amd64 (1.24.2-1ubuntu0.3) ...
Setting up vim-common (2:9.1.0016-1ubuntu7.9) ...
Setting up libjavascriptcoregtk-6.0-1:amd64 (2.48.7-0ubuntu0.24.04.2) ...
Setting up libssh-4:amd64 (0.10.6-2ubuntu0.2) ...
Setting up libtiff6:amd64 (4.5.1+git230720-4ubuntu2.4) ...
Setting up libopenjp2-7:amd64 (2.5.0-2ubuntu0.4) ...
Setting up xserver-common (2:21.1.12-1ubuntu1.5) ...
Setting up gstreamer1.0-plugins-base-apps (1.24.2-1ubuntu0.3) ...
Setting up xwayland (2:23.2.6-1ubuntu0.7) ...
Setting up libldb2:amd64 (2:2.8.0+samba4.19.5+dfsg-4ubuntu9.4) ...
Setting up openssl (3.0.13-0ubuntu3.6) ...
Setting up xserver-xorg-legacy (2:21.1.12-1ubuntu1.5) ...
setting xserver-xorg-legacy/xwrapper/allowed_users from configuration file
Setting up libcups2t64:amd64 (2.4.7-1.2ubuntu7.4) ...
Setting up libxml2:amd64 (2.9.14+dfsg-1.3ubuntu3.6) ...
Setting up libudisks2-0:amd64 (2.10.1-6ubuntu1.3) ...
Setting up cups-ipp-utils (2.4.7-1.2ubuntu7.4) ...
Setting up gstreamer1.0-gl:amd64 (1.24.2-1ubuntu0.3) ...
Setting up libgs10-common (10.02.1~dfsg1-0ubuntu7.8) ...
Setting up python3.12-minimal (3.12.3-1ubuntu0.8) ...
Setting up udisks2 (2.10.1-6ubuntu1.3) ...
Running in chroot, ignoring command 'daemon-reload'
/usr/sbin/policy-rc.d returned 101, not running 'restart udisks2.service'
Setting up cups-ppdc (2.4.7-1.2ubuntu7.4) ...
Setting up gstreamer1.0-x:amd64 (1.24.2-1ubuntu0.3) ...
Setting up gstreamer1.0-alsa:amd64 (1.24.2-1ubuntu0.3) ...
Setting up libpython3.12-stdlib:amd64 (3.12.3-1ubuntu0.8) ...
Setting up bind9-libs:amd64 (1:9.18.39-0ubuntu0.24.04.2) ...
Setting up libpoppler134:amd64 (24.02.0-1ubuntu9.8) ...
Setting up gstreamer1.0-plugins-good:amd64 (1.24.2-1ubuntu1.2) ...
Setting up python3.12 (3.12.3-1ubuntu0.8) ...
Setting up xserver-xorg-core (2:21.1.12-1ubuntu1.5) ...
Setting up gir1.2-javascriptcoregtk-6.0:amd64 (2.48.7-0ubuntu0.24.04.2) ...
Setting up samba-libs:amd64 (2:4.19.5+dfsg-4ubuntu9.4) ...
Setting up vim-tiny (2:9.1.0016-1ubuntu7.9) ...
Setting up cups-client (2.4.7-1.2ubuntu7.4) ...
Setting up gir1.2-javascriptcoregtk-4.1:amd64 (2.48.7-0ubuntu0.24.04.2) ...
Setting up libpoppler-glib8t64:amd64 (24.02.0-1ubuntu9.8) ...
Setting up libpython3.12t64:amd64 (3.12.3-1ubuntu0.8) ...
Setting up libcupsimage2t64:amd64 (2.4.7-1.2ubuntu7.4) ...
Setting up xserver-xephyr (2:21.1.12-1ubuntu1.5) ...
Setting up cups-daemon (2.4.7-1.2ubuntu7.4) ...
Running in chroot, ignoring command 'daemon-reload'
invoke-rc.d: policy-rc.d denied execution of restart.
Running in chroot, ignoring command 'daemon-reload'
/usr/sbin/policy-rc.d returned 101, not running 'restart cups.path cups.service cups.socket'
Setting up libpoppler-cpp0t64:amd64 (24.02.0-1ubuntu9.8) ...
Setting up poppler-utils (24.02.0-1ubuntu9.8) ...
Setting up libsmbclient0:amd64 (2:4.19.5+dfsg-4ubuntu9.4) ...
Setting up bind9-host (1:9.18.39-0ubuntu0.24.04.2) ...
Setting up libgs10:amd64 (10.02.1~dfsg1-0ubuntu7.8) ...
Setting up libwebkit2gtk-4.1-0:amd64 (2.48.7-0ubuntu0.24.04.2) ...
Setting up cups-core-drivers (2.4.7-1.2ubuntu7.4) ...
Setting up gir1.2-webkit2-4.1:amd64 (2.48.7-0ubuntu0.24.04.2) ...
Setting up libwebkitgtk-6.0-4:amd64 (2.48.7-0ubuntu0.24.04.2) ...
Setting up cups-bsd (2.4.7-1.2ubuntu7.4) ...
Setting up ghostscript (10.02.1~dfsg1-0ubuntu7.8) ...
Setting up gir1.2-webkit-6.0:amd64 (2.48.7-0ubuntu0.24.04.2) ...
Setting up bind9-dnsutils (1:9.18.39-0ubuntu0.24.04.2) ...
Setting up cups (2.4.7-1.2ubuntu7.4) ...
Updating PPD files for cups ...
Updating PPD files for cups-filters ...
Updating PPD files for foomatic-db-compressed-ppds ...
Updating PPD files for openprinting-ppds ...
Updating PPD files for brlaser ...
Updating PPD files for c2esp ...
Updating PPD files for foo2zjs-common ...
Updating PPD files for hpcups ...
Updating PPD files for m2300w ...
Updating PPD files for postscript-hp ...
Updating PPD files for ptouch ...
Updating PPD files for pxljr ...
Updating PPD files for sag-gdi ...
Updating PPD files for splix ...
Processing triggers for libc-bin (2.39-0ubuntu8.6) ...
Processing triggers for ufw (0.36.2-6) ...
Processing triggers for systemd (255.4-1ubuntu8.10) ...
Running in chroot, ignoring command 'restart'
Processing triggers for man-db (2.12.0-4build2) ...
Processing triggers for dbus (1.14.10-4ubuntu4.1) ...
Processing triggers for desktop-file-utils (0.27-2build1) ...
Processing triggers for hicolor-icon-theme (0.17-2) ...
Processing triggers for gnome-menus (3.36.0-1.1ubuntu3) ...
Log ended: 2025-11-10  18:10:24

